This file contains any messages produced by compilers while
running configure, to aid debugging if configure makes a mistake.

It was created by stunnel configure 4.52, which was
generated by GNU Autoconf 2.67.  Invocation command line was

  $ ./configure 

## --------- ##
## Platform. ##
## --------- ##

hostname = bumblebee.cl.cam.ac.uk
uname -m = x86_64
uname -r = 11.2.0
uname -s = Darwin
uname -v = Darwin Kernel Version 11.2.0: Tue Aug  9 20:54:00 PDT 2011; root:xnu-1699.24.8~1/RELEASE_X86_64

/usr/bin/uname -p = i386
/bin/uname -X     = unknown

/bin/arch              = unknown
/usr/bin/arch -k       = unknown
/usr/convex/getsysinfo = unknown
/usr/bin/hostinfo      = Mach kernel version:
	 Darwin Kernel Version 11.2.0: Tue Aug  9 20:54:00 PDT 2011; root:xnu-1699.24.8~1/RELEASE_X86_64
Kernel configured for up to 8 processors.
4 processors are physically available.
8 processors are logically available.
Processor type: i486 (Intel 80486)
Processors active: 0 1 2 3 4 5 6 7
Primary memory available: 8.00 gigabytes
Default processor set: 129 tasks, 654 threads, 8 processors
Load average: 1.15, Mach factor: 6.84
/bin/machine           = unknown
/usr/bin/oslevel       = unknown
/bin/universe          = unknown

PATH: /Users/spe24/.rvm/gems/ruby-1.8.7-p352/bin
PATH: /Users/spe24/.rvm/gems/ruby-1.8.7-p352@global/bin
PATH: /Users/spe24/.rvm/rubies/ruby-1.8.7-p352/bin
PATH: /Users/spe24/.rvm/bin
PATH: /Users/spe24/mir-inst/bin
PATH: /usr/bin
PATH: /bin
PATH: /usr/sbin
PATH: /sbin
PATH: /usr/local/bin
PATH: /usr/X11/bin
PATH: /usr/texbin
PATH: /usr/local/sbin/


## ----------- ##
## Core tests. ##
## ----------- ##

configure:2606: **************************************** initialization
configure:2654: checking for a BSD-compatible install
configure:2722: result: /usr/bin/install -c
configure:2733: checking whether build environment is sane
configure:2783: result: yes
configure:2924: checking for a thread-safe mkdir -p
configure:2963: result: auto/install-sh -c -d
configure:2976: checking for gawk
configure:3006: result: no
configure:2976: checking for mawk
configure:3006: result: no
configure:2976: checking for nawk
configure:3006: result: no
configure:2976: checking for awk
configure:2992: found /usr/bin/awk
configure:3003: result: awk
configure:3014: checking whether make sets $(MAKE)
configure:3036: result: yes
configure:3127: checking build system type
configure:3141: result: x86_64-apple-darwin11.2.0
configure:3161: checking host system type
configure:3174: result: x86_64-apple-darwin11.2.0
configure:3262: checking for gcc
configure:3278: found /usr/bin/gcc
configure:3289: result: gcc
configure:3518: checking for C compiler version
configure:3527: gcc --version >&5
i686-apple-darwin11-llvm-gcc-4.2 (GCC) 4.2.1 (Based on Apple Inc. build 5658) (LLVM build 2335.15.00)
Copyright (C) 2007 Free Software Foundation, Inc.
This is free software; see the source for copying conditions.  There is NO
warranty; not even for MERCHANTABILITY or FITNESS FOR A PARTICULAR PURPOSE.

configure:3538: $? = 0
configure:3527: gcc -v >&5
Using built-in specs.
Target: i686-apple-darwin11
Configured with: /private/var/tmp/llvmgcc42/llvmgcc42-2335.15~25/src/configure --disable-checking --enable-werror --prefix=/Developer/usr/llvm-gcc-4.2 --mandir=/share/man --enable-languages=c,objc,c++,obj-c++ --program-prefix=llvm- --program-transform-name=/^[cg][^.-]*$/s/$/-4.2/ --with-slibdir=/usr/lib --build=i686-apple-darwin11 --enable-llvm=/private/var/tmp/llvmgcc42/llvmgcc42-2335.15~25/dst-llvmCore/Developer/usr/local --program-prefix=i686-apple-darwin11- --host=x86_64-apple-darwin11 --target=i686-apple-darwin11 --with-gxx-include-dir=/usr/include/c++/4.2.1
Thread model: posix
gcc version 4.2.1 (Based on Apple Inc. build 5658) (LLVM build 2335.15.00)
configure:3538: $? = 0
configure:3527: gcc -V >&5
llvm-gcc-4.2: argument to `-V' is missing
configure:3538: $? = 1
configure:3527: gcc -qversion >&5
i686-apple-darwin11-llvm-gcc-4.2: no input files
configure:3538: $? = 1
configure:3558: checking whether the C compiler works
configure:3580: gcc    conftest.c  >&5
configure:3584: $? = 0
configure:3632: result: yes
configure:3635: checking for C compiler default output file name
configure:3637: result: a.out
configure:3643: checking for suffix of executables
configure:3650: gcc -o conftest    conftest.c  >&5
configure:3654: $? = 0
configure:3676: result: 
configure:3698: checking whether we are cross compiling
configure:3706: gcc -o conftest    conftest.c  >&5
configure:3710: $? = 0
configure:3717: ./conftest
configure:3721: $? = 0
configure:3736: result: no
configure:3741: checking for suffix of object files
configure:3763: gcc -c   conftest.c >&5
configure:3767: $? = 0
configure:3788: result: o
configure:3792: checking whether we are using the GNU C compiler
configure:3811: gcc -c   conftest.c >&5
configure:3811: $? = 0
configure:3820: result: yes
configure:3829: checking whether gcc accepts -g
configure:3849: gcc -c -g  conftest.c >&5
configure:3849: $? = 0
configure:3890: result: yes
configure:3907: checking for gcc option to accept ISO C89
configure:3971: gcc  -c -g -O2  conftest.c >&5
configure:3971: $? = 0
configure:3984: result: none needed
configure:4015: checking for style of include used by make
configure:4043: result: GNU
configure:4068: checking dependency style of gcc
configure:4178: result: gcc3
configure:4194: checking whether gcc and cc understand -c and -o together
configure:4225: gcc -c conftest.c -o conftest2.o >&5
configure:4229: $? = 0
configure:4235: gcc -c conftest.c -o conftest2.o >&5
configure:4239: $? = 0
configure:4250: cc -c conftest.c >&5
configure:4254: $? = 0
configure:4262: cc -c conftest.c -o conftest2.o >&5
configure:4266: $? = 0
configure:4272: cc -c conftest.c -o conftest2.o >&5
configure:4276: $? = 0
configure:4294: result: yes
configure:4320: checking whether make sets $(MAKE)
configure:4342: result: yes
configure:4358: **************************************** compiler/linker flags
configure:4362: checking whether gcc accepts -pthread
configure:4371: gcc -o conftest -g -O2 -pthread   -pthread conftest.c  >&5
configure:4371: $? = 0
configure:4373: result: yes
configure:4390: checking whether gcc accepts -fstack-protector
configure:4398: gcc -o conftest -g -O2 -fstack-protector   -fstack-protector conftest.c  >&5
configure:4398: $? = 0
configure:4400: result: yes
configure:4417: checking whether gcc accepts -Wall
configure:4424: gcc -o conftest -g -O2 -Wall   conftest.c  >&5
configure:4424: $? = 0
configure:4425: result: yes
configure:4434: checking whether gcc accepts -Wextra
configure:4441: gcc -o conftest -g -O2 -Wall -Wextra   conftest.c  >&5
configure:4441: $? = 0
configure:4442: result: yes
configure:4451: checking whether gcc accepts -Wno-long-long
configure:4458: gcc -o conftest -g -O2 -Wall -Wextra -Wno-long-long   conftest.c  >&5
configure:4458: $? = 0
configure:4459: result: yes
configure:4468: checking whether gcc accepts -pedantic
configure:4475: gcc -o conftest -g -O2 -Wall -Wextra -Wno-long-long -pedantic   conftest.c  >&5
configure:4475: $? = 0
configure:4476: result: yes
configure:4485: **************************************** libtool
configure:4512: checking for a sed that does not truncate output
configure:4576: result: /usr/bin/sed
configure:4594: checking for grep that handles long lines and -e
configure:4652: result: /usr/bin/grep
configure:4657: checking for egrep
configure:4719: result: /usr/bin/grep -E
configure:4724: checking for fgrep
configure:4786: result: /usr/bin/grep -F
configure:4821: checking for ld used by gcc
configure:4888: result: /usr/llvm-gcc-4.2/libexec/gcc/i686-apple-darwin11/4.2.1/ld
configure:4895: checking if the linker (/usr/llvm-gcc-4.2/libexec/gcc/i686-apple-darwin11/4.2.1/ld) is GNU ld
configure:4910: result: no
configure:4922: checking for BSD- or MS-compatible name lister (nm)
configure:4971: result: /usr/bin/nm
configure:5089: checking the name lister (/usr/bin/nm) interface
configure:5096: gcc -c -g -O2 -Wall -Wextra -Wno-long-long -pedantic  conftest.c >&5
configure:5099: /usr/bin/nm "conftest.o"
configure:5102: output
00000000000001c8 S _some_variable
configure:5109: result: BSD nm
configure:5112: checking whether ln -s works
configure:5116: result: yes
configure:5124: checking the maximum length of command line arguments
configure:5244: result: 196608
configure:5261: checking whether the shell understands some XSI constructs
configure:5271: result: yes
configure:5275: checking whether the shell understands "+="
configure:5281: result: yes
configure:5316: checking for /usr/llvm-gcc-4.2/libexec/gcc/i686-apple-darwin11/4.2.1/ld option to reload object files
configure:5323: result: -r
configure:5392: checking for objdump
configure:5422: result: no
configure:5451: checking how to recognize dependent libraries
configure:5647: result: pass_all
configure:5707: checking for ar
configure:5723: found /usr/bin/ar
configure:5734: result: ar
configure:5812: checking for strip
configure:5828: found /usr/bin/strip
configure:5839: result: strip
configure:5911: checking for ranlib
configure:5927: found /usr/bin/ranlib
configure:5938: result: ranlib
configure:6028: checking command to parse /usr/bin/nm output from gcc object
configure:6146: gcc -c -g -O2 -Wall -Wextra -Wno-long-long -pedantic  conftest.c >&5
configure:6149: $? = 0
configure:6153: /usr/bin/nm conftest.o \| sed -n -e 's/^.*[	 ]\([BCDEGRST][BCDEGRST]*\)[	 ][	 ]*\([_A-Za-z][_A-Za-z0-9]*\)$/\1 \2 \2/p' \> conftest.nm
configure:6156: $? = 0
cannot find nm_test_var in conftest.nm
configure:6146: gcc -c -g -O2 -Wall -Wextra -Wno-long-long -pedantic  conftest.c >&5
configure:6149: $? = 0
configure:6153: /usr/bin/nm conftest.o \| sed -n -e 's/^.*[	 ]\([BCDEGRST][BCDEGRST]*\)[	 ][	 ]*_\([_A-Za-z][_A-Za-z0-9]*\)$/\1 _\2 \2/p' \> conftest.nm
configure:6156: $? = 0
configure:6210: gcc -o conftest -g -O2 -Wall -Wextra -Wno-long-long -pedantic   conftest.c conftstm.o >&5
conftest.c:17: warning: ISO C forbids conversion of function pointer to object pointer type
configure:6213: $? = 0
configure:6251: result: ok
configure:6515: checking for dsymutil
configure:6531: found /usr/bin/dsymutil
configure:6542: result: dsymutil
configure:6607: checking for nmedit
configure:6623: found /usr/bin/nmedit
configure:6634: result: nmedit
configure:6699: checking for lipo
configure:6715: found /usr/bin/lipo
configure:6726: result: lipo
configure:6791: checking for otool
configure:6807: found /usr/bin/otool
configure:6818: result: otool
configure:6883: checking for otool64
configure:6913: result: no
configure:6958: checking for -single_module linker flag
gcc -g -O2 -Wall -Wextra -Wno-long-long -pedantic  -o libconftest.dylib -dynamiclib -Wl,-single_module conftest.c
configure:6985: result: yes
configure:6987: checking for -exported_symbols_list linker flag
configure:7007: gcc -o conftest -g -O2 -Wall -Wextra -Wno-long-long -pedantic   -Wl,-exported_symbols_list,conftest.sym conftest.c  >&5
configure:7007: $? = 0
configure:7017: result: yes
configure:7059: checking how to run the C preprocessor
configure:7090: gcc -E  conftest.c
configure:7090: $? = 0
configure:7104: gcc -E  conftest.c
conftest.c:16:28: error: ac_nonexistent.h: No such file or directory
configure:7104: $? = 1
configure: failed program was:
| /* confdefs.h */
| #define PACKAGE_NAME "stunnel"
| #define PACKAGE_TARNAME "stunnel"
| #define PACKAGE_VERSION "4.52"
| #define PACKAGE_STRING "stunnel 4.52"
| #define PACKAGE_BUGREPORT ""
| #define PACKAGE_URL ""
| #define PACKAGE "stunnel"
| #define VERSION "4.52"
| #define _GNU_SOURCE 1
| #define HOST "x86_64-apple-darwin11.2.0"
| #define CPU_X86_64 1
| #define VENDOR_APPLE 1
| #define OS_DARWIN11_2_0 1
| /* end confdefs.h.  */
| #include <ac_nonexistent.h>
configure:7129: result: gcc -E
configure:7149: gcc -E  conftest.c
configure:7149: $? = 0
configure:7163: gcc -E  conftest.c
conftest.c:16:28: error: ac_nonexistent.h: No such file or directory
configure:7163: $? = 1
configure: failed program was:
| /* confdefs.h */
| #define PACKAGE_NAME "stunnel"
| #define PACKAGE_TARNAME "stunnel"
| #define PACKAGE_VERSION "4.52"
| #define PACKAGE_STRING "stunnel 4.52"
| #define PACKAGE_BUGREPORT ""
| #define PACKAGE_URL ""
| #define PACKAGE "stunnel"
| #define VERSION "4.52"
| #define _GNU_SOURCE 1
| #define HOST "x86_64-apple-darwin11.2.0"
| #define CPU_X86_64 1
| #define VENDOR_APPLE 1
| #define OS_DARWIN11_2_0 1
| /* end confdefs.h.  */
| #include <ac_nonexistent.h>
configure:7192: checking for ANSI C header files
configure:7212: gcc -c -g -O2 -Wall -Wextra -Wno-long-long -pedantic  conftest.c >&5
configure:7212: $? = 0
configure:7285: gcc -o conftest -g -O2 -Wall -Wextra -Wno-long-long -pedantic   conftest.c  >&5
configure:7285: $? = 0
configure:7285: ./conftest
configure:7285: $? = 0
configure:7296: result: yes
configure:7309: checking for sys/types.h
configure:7309: gcc -c -g -O2 -Wall -Wextra -Wno-long-long -pedantic  conftest.c >&5
configure:7309: $? = 0
configure:7309: result: yes
configure:7309: checking for sys/stat.h
configure:7309: gcc -c -g -O2 -Wall -Wextra -Wno-long-long -pedantic  conftest.c >&5
configure:7309: $? = 0
configure:7309: result: yes
configure:7309: checking for stdlib.h
configure:7309: gcc -c -g -O2 -Wall -Wextra -Wno-long-long -pedantic  conftest.c >&5
configure:7309: $? = 0
configure:7309: result: yes
configure:7309: checking for string.h
configure:7309: gcc -c -g -O2 -Wall -Wextra -Wno-long-long -pedantic  conftest.c >&5
configure:7309: $? = 0
configure:7309: result: yes
configure:7309: checking for memory.h
configure:7309: gcc -c -g -O2 -Wall -Wextra -Wno-long-long -pedantic  conftest.c >&5
configure:7309: $? = 0
configure:7309: result: yes
configure:7309: checking for strings.h
configure:7309: gcc -c -g -O2 -Wall -Wextra -Wno-long-long -pedantic  conftest.c >&5
configure:7309: $? = 0
configure:7309: result: yes
configure:7309: checking for inttypes.h
configure:7309: gcc -c -g -O2 -Wall -Wextra -Wno-long-long -pedantic  conftest.c >&5
configure:7309: $? = 0
configure:7309: result: yes
configure:7309: checking for stdint.h
configure:7309: gcc -c -g -O2 -Wall -Wextra -Wno-long-long -pedantic  conftest.c >&5
configure:7309: $? = 0
configure:7309: result: yes
configure:7309: checking for unistd.h
configure:7309: gcc -c -g -O2 -Wall -Wextra -Wno-long-long -pedantic  conftest.c >&5
configure:7309: $? = 0
configure:7309: result: yes
configure:7323: checking for dlfcn.h
configure:7323: gcc -c -g -O2 -Wall -Wextra -Wno-long-long -pedantic  conftest.c >&5
configure:7323: $? = 0
configure:7323: result: yes
configure:7506: checking for objdir
configure:7521: result: .libs
configure:7817: checking if gcc supports -fno-rtti -fno-exceptions
configure:7835: gcc -c -g -O2 -Wall -Wextra -Wno-long-long -pedantic  -fno-rtti -fno-exceptions conftest.c >&5
cc1: warning: command line option "-fno-rtti" is valid for C++/ObjC++ but not for C
configure:7839: $? = 0
configure:7852: result: no
configure:7872: checking for gcc option to produce PIC
configure:8144: result: -fno-common -DPIC
configure:8156: checking if gcc PIC flag -fno-common -DPIC works
configure:8174: gcc -c -g -O2 -Wall -Wextra -Wno-long-long -pedantic  -fno-common -DPIC -DPIC conftest.c >&5
configure:8178: $? = 0
configure:8191: result: yes
configure:8215: checking if gcc static flag -static works
configure:8243: result: no
configure:8258: checking if gcc supports -c -o file.o
configure:8279: gcc -c -g -O2 -Wall -Wextra -Wno-long-long -pedantic  -o out/conftest2.o conftest.c >&5
configure:8283: $? = 0
configure:8305: result: yes
configure:8313: checking if gcc supports -c -o file.o
configure:8360: result: yes
configure:8393: checking whether the gcc linker (/usr/llvm-gcc-4.2/libexec/gcc/i686-apple-darwin11/4.2.1/ld) supports shared libraries
configure:9384: result: yes
configure:9623: checking dynamic linker characteristics
configure:10286: result: darwin11.2.0 dyld
configure:10388: checking how to hardcode library paths into programs
configure:10413: result: immediate
configure:10933: checking whether stripping libraries is possible
configure:10947: result: yes
configure:10973: checking if libtool supports shared libraries
configure:10975: result: yes
configure:10978: checking whether to build shared libraries
configure:10999: result: yes
configure:11002: checking whether to build static libraries
configure:11006: result: no
configure:11043: **************************************** types
configure:11049: checking size of unsigned char
configure:11054: gcc -o conftest -g -O2 -Wall -Wextra -Wno-long-long -pedantic   conftest.c  >&5
configure:11054: $? = 0
configure:11054: ./conftest
configure:11054: $? = 0
configure:11068: result: 1
configure:11082: checking size of unsigned short
configure:11087: gcc -o conftest -g -O2 -Wall -Wextra -Wno-long-long -pedantic   conftest.c  >&5
configure:11087: $? = 0
configure:11087: ./conftest
configure:11087: $? = 0
configure:11101: result: 2
configure:11115: checking size of unsigned int
configure:11120: gcc -o conftest -g -O2 -Wall -Wextra -Wno-long-long -pedantic   conftest.c  >&5
configure:11120: $? = 0
configure:11120: ./conftest
configure:11120: $? = 0
configure:11134: result: 4
configure:11148: checking size of unsigned long
configure:11153: gcc -o conftest -g -O2 -Wall -Wextra -Wno-long-long -pedantic   conftest.c  >&5
configure:11153: $? = 0
configure:11153: ./conftest
configure:11153: $? = 0
configure:11167: result: 8
configure:11178: checking for socklen_t
configure:11187: result: yes
configure:11199: checking for struct sockaddr_un
configure:11199: gcc -c -g -O2 -Wall -Wextra -Wno-long-long -pedantic  conftest.c >&5
configure:11199: $? = 0
configure:11199: gcc -c -g -O2 -Wall -Wextra -Wno-long-long -pedantic  conftest.c >&5
conftest.c: In function 'main':
conftest.c:37: error: expected expression before ')' token
configure:11199: $? = 1
configure: failed program was:
| /* confdefs.h */
| #define PACKAGE_NAME "stunnel"
| #define PACKAGE_TARNAME "stunnel"
| #define PACKAGE_VERSION "4.52"
| #define PACKAGE_STRING "stunnel 4.52"
| #define PACKAGE_BUGREPORT ""
| #define PACKAGE_URL ""
| #define PACKAGE "stunnel"
| #define VERSION "4.52"
| #define _GNU_SOURCE 1
| #define HOST "x86_64-apple-darwin11.2.0"
| #define CPU_X86_64 1
| #define VENDOR_APPLE 1
| #define OS_DARWIN11_2_0 1
| #define STDC_HEADERS 1
| #define HAVE_SYS_TYPES_H 1
| #define HAVE_SYS_STAT_H 1
| #define HAVE_STDLIB_H 1
| #define HAVE_STRING_H 1
| #define HAVE_MEMORY_H 1
| #define HAVE_STRINGS_H 1
| #define HAVE_INTTYPES_H 1
| #define HAVE_STDINT_H 1
| #define HAVE_UNISTD_H 1
| #define HAVE_DLFCN_H 1
| #define LT_OBJDIR ".libs/"
| #define SIZEOF_UNSIGNED_CHAR 1
| #define SIZEOF_UNSIGNED_SHORT 2
| #define SIZEOF_UNSIGNED_INT 4
| #define SIZEOF_UNSIGNED_LONG 8
| /* end confdefs.h.  */
| #include <sys/un.h>
| 
| int
| main ()
| {
| if (sizeof ((struct sockaddr_un)))
| 	    return 0;
|   ;
|   return 0;
| }
configure:11199: result: yes
configure:11210: checking for struct addrinfo
configure:11210: gcc -c -g -O2 -Wall -Wextra -Wno-long-long -pedantic  conftest.c >&5
configure:11210: $? = 0
configure:11210: gcc -c -g -O2 -Wall -Wextra -Wno-long-long -pedantic  conftest.c >&5
conftest.c: In function 'main':
conftest.c:38: error: expected expression before ')' token
configure:11210: $? = 1
configure: failed program was:
| /* confdefs.h */
| #define PACKAGE_NAME "stunnel"
| #define PACKAGE_TARNAME "stunnel"
| #define PACKAGE_VERSION "4.52"
| #define PACKAGE_STRING "stunnel 4.52"
| #define PACKAGE_BUGREPORT ""
| #define PACKAGE_URL ""
| #define PACKAGE "stunnel"
| #define VERSION "4.52"
| #define _GNU_SOURCE 1
| #define HOST "x86_64-apple-darwin11.2.0"
| #define CPU_X86_64 1
| #define VENDOR_APPLE 1
| #define OS_DARWIN11_2_0 1
| #define STDC_HEADERS 1
| #define HAVE_SYS_TYPES_H 1
| #define HAVE_SYS_STAT_H 1
| #define HAVE_STDLIB_H 1
| #define HAVE_STRING_H 1
| #define HAVE_MEMORY_H 1
| #define HAVE_STRINGS_H 1
| #define HAVE_INTTYPES_H 1
| #define HAVE_STDINT_H 1
| #define HAVE_UNISTD_H 1
| #define HAVE_DLFCN_H 1
| #define LT_OBJDIR ".libs/"
| #define SIZEOF_UNSIGNED_CHAR 1
| #define SIZEOF_UNSIGNED_SHORT 2
| #define SIZEOF_UNSIGNED_INT 4
| #define SIZEOF_UNSIGNED_LONG 8
| #define HAVE_STRUCT_SOCKADDR_UN 1
| /* end confdefs.h.  */
| #include <netdb.h>
| 
| int
| main ()
| {
| if (sizeof ((struct addrinfo)))
| 	    return 0;
|   ;
|   return 0;
| }
configure:11210: result: yes
configure:11222: **************************************** PTY device files
configure:11226: checking for "/dev/ptmx"
configure:11240: result: yes
configure:11249: checking for "/dev/ptc"
configure:11263: result: no
configure:11276: **************************************** entropy sources
configure:11304: checking for "/dev/urandom"
configure:11318: result: yes
configure:11341: **************************************** default group
configure:11350: checking for default group
configure:11352: result: nogroup
configure:11356: **************************************** header files
configure:11364: checking ucontext.h usability
configure:11364: gcc -c -g -O2 -Wall -Wextra -Wno-long-long -pedantic  conftest.c >&5
In file included from conftest.c:69:
/usr/include/ucontext.h:43:2: error: #error The deprecated ucontext routines require _XOPEN_SOURCE to be defined
configure:11364: $? = 1
configure: failed program was:
| /* confdefs.h */
| #define PACKAGE_NAME "stunnel"
| #define PACKAGE_TARNAME "stunnel"
| #define PACKAGE_VERSION "4.52"
| #define PACKAGE_STRING "stunnel 4.52"
| #define PACKAGE_BUGREPORT ""
| #define PACKAGE_URL ""
| #define PACKAGE "stunnel"
| #define VERSION "4.52"
| #define _GNU_SOURCE 1
| #define HOST "x86_64-apple-darwin11.2.0"
| #define CPU_X86_64 1
| #define VENDOR_APPLE 1
| #define OS_DARWIN11_2_0 1
| #define STDC_HEADERS 1
| #define HAVE_SYS_TYPES_H 1
| #define HAVE_SYS_STAT_H 1
| #define HAVE_STDLIB_H 1
| #define HAVE_STRING_H 1
| #define HAVE_MEMORY_H 1
| #define HAVE_STRINGS_H 1
| #define HAVE_INTTYPES_H 1
| #define HAVE_STDINT_H 1
| #define HAVE_UNISTD_H 1
| #define HAVE_DLFCN_H 1
| #define LT_OBJDIR ".libs/"
| #define SIZEOF_UNSIGNED_CHAR 1
| #define SIZEOF_UNSIGNED_SHORT 2
| #define SIZEOF_UNSIGNED_INT 4
| #define SIZEOF_UNSIGNED_LONG 8
| #define HAVE_STRUCT_SOCKADDR_UN 1
| #define HAVE_STRUCT_ADDRINFO 1
| #define HAVE_DEV_PTMX 1
| #define RANDOM_FILE "/dev/urandom"
| /* end confdefs.h.  */
| #include <stdio.h>
| #ifdef HAVE_SYS_TYPES_H
| # include <sys/types.h>
| #endif
| #ifdef HAVE_SYS_STAT_H
| # include <sys/stat.h>
| #endif
| #ifdef STDC_HEADERS
| # include <stdlib.h>
| # include <stddef.h>
| #else
| # ifdef HAVE_STDLIB_H
| #  include <stdlib.h>
| # endif
| #endif
| #ifdef HAVE_STRING_H
| # if !defined STDC_HEADERS && defined HAVE_MEMORY_H
| #  include <memory.h>
| # endif
| # include <string.h>
| #endif
| #ifdef HAVE_STRINGS_H
| # include <strings.h>
| #endif
| #ifdef HAVE_INTTYPES_H
| # include <inttypes.h>
| #endif
| #ifdef HAVE_STDINT_H
| # include <stdint.h>
| #endif
| #ifdef HAVE_UNISTD_H
| # include <unistd.h>
| #endif
| #include <ucontext.h>
configure:11364: result: no
configure:11364: checking ucontext.h presence
configure:11364: gcc -E  conftest.c
In file included from conftest.c:36:
/usr/include/ucontext.h:43:2: error: #error The deprecated ucontext routines require _XOPEN_SOURCE to be defined
configure:11364: $? = 1
configure: failed program was:
| /* confdefs.h */
| #define PACKAGE_NAME "stunnel"
| #define PACKAGE_TARNAME "stunnel"
| #define PACKAGE_VERSION "4.52"
| #define PACKAGE_STRING "stunnel 4.52"
| #define PACKAGE_BUGREPORT ""
| #define PACKAGE_URL ""
| #define PACKAGE "stunnel"
| #define VERSION "4.52"
| #define _GNU_SOURCE 1
| #define HOST "x86_64-apple-darwin11.2.0"
| #define CPU_X86_64 1
| #define VENDOR_APPLE 1
| #define OS_DARWIN11_2_0 1
| #define STDC_HEADERS 1
| #define HAVE_SYS_TYPES_H 1
| #define HAVE_SYS_STAT_H 1
| #define HAVE_STDLIB_H 1
| #define HAVE_STRING_H 1
| #define HAVE_MEMORY_H 1
| #define HAVE_STRINGS_H 1
| #define HAVE_INTTYPES_H 1
| #define HAVE_STDINT_H 1
| #define HAVE_UNISTD_H 1
| #define HAVE_DLFCN_H 1
| #define LT_OBJDIR ".libs/"
| #define SIZEOF_UNSIGNED_CHAR 1
| #define SIZEOF_UNSIGNED_SHORT 2
| #define SIZEOF_UNSIGNED_INT 4
| #define SIZEOF_UNSIGNED_LONG 8
| #define HAVE_STRUCT_SOCKADDR_UN 1
| #define HAVE_STRUCT_ADDRINFO 1
| #define HAVE_DEV_PTMX 1
| #define RANDOM_FILE "/dev/urandom"
| /* end confdefs.h.  */
| #include <ucontext.h>
configure:11364: result: no
configure:11364: checking for ucontext.h
configure:11364: result: no
configure:11364: checking pthread.h usability
configure:11364: gcc -c -g -O2 -Wall -Wextra -Wno-long-long -pedantic  conftest.c >&5
configure:11364: $? = 0
configure:11364: result: yes
configure:11364: checking pthread.h presence
configure:11364: gcc -E  conftest.c
configure:11364: $? = 0
configure:11364: result: yes
configure:11364: checking for pthread.h
configure:11364: result: yes
configure:11364: checking poll.h usability
configure:11364: gcc -c -g -O2 -Wall -Wextra -Wno-long-long -pedantic  conftest.c >&5
configure:11364: $? = 0
configure:11364: result: yes
configure:11364: checking poll.h presence
configure:11364: gcc -E  conftest.c
configure:11364: $? = 0
configure:11364: result: yes
configure:11364: checking for poll.h
configure:11364: result: yes
configure:11364: checking tcpd.h usability
configure:11364: gcc -c -g -O2 -Wall -Wextra -Wno-long-long -pedantic  conftest.c >&5
configure:11364: $? = 0
configure:11364: result: yes
configure:11364: checking tcpd.h presence
configure:11364: gcc -E  conftest.c
configure:11364: $? = 0
configure:11364: result: yes
configure:11364: checking for tcpd.h
configure:11364: result: yes
configure:11364: checking stropts.h usability
configure:11364: gcc -c -g -O2 -Wall -Wextra -Wno-long-long -pedantic  conftest.c >&5
conftest.c:72:21: error: stropts.h: No such file or directory
configure:11364: $? = 1
configure: failed program was:
| /* confdefs.h */
| #define PACKAGE_NAME "stunnel"
| #define PACKAGE_TARNAME "stunnel"
| #define PACKAGE_VERSION "4.52"
| #define PACKAGE_STRING "stunnel 4.52"
| #define PACKAGE_BUGREPORT ""
| #define PACKAGE_URL ""
| #define PACKAGE "stunnel"
| #define VERSION "4.52"
| #define _GNU_SOURCE 1
| #define HOST "x86_64-apple-darwin11.2.0"
| #define CPU_X86_64 1
| #define VENDOR_APPLE 1
| #define OS_DARWIN11_2_0 1
| #define STDC_HEADERS 1
| #define HAVE_SYS_TYPES_H 1
| #define HAVE_SYS_STAT_H 1
| #define HAVE_STDLIB_H 1
| #define HAVE_STRING_H 1
| #define HAVE_MEMORY_H 1
| #define HAVE_STRINGS_H 1
| #define HAVE_INTTYPES_H 1
| #define HAVE_STDINT_H 1
| #define HAVE_UNISTD_H 1
| #define HAVE_DLFCN_H 1
| #define LT_OBJDIR ".libs/"
| #define SIZEOF_UNSIGNED_CHAR 1
| #define SIZEOF_UNSIGNED_SHORT 2
| #define SIZEOF_UNSIGNED_INT 4
| #define SIZEOF_UNSIGNED_LONG 8
| #define HAVE_STRUCT_SOCKADDR_UN 1
| #define HAVE_STRUCT_ADDRINFO 1
| #define HAVE_DEV_PTMX 1
| #define RANDOM_FILE "/dev/urandom"
| #define HAVE_PTHREAD_H 1
| #define HAVE_POLL_H 1
| #define HAVE_TCPD_H 1
| /* end confdefs.h.  */
| #include <stdio.h>
| #ifdef HAVE_SYS_TYPES_H
| # include <sys/types.h>
| #endif
| #ifdef HAVE_SYS_STAT_H
| # include <sys/stat.h>
| #endif
| #ifdef STDC_HEADERS
| # include <stdlib.h>
| # include <stddef.h>
| #else
| # ifdef HAVE_STDLIB_H
| #  include <stdlib.h>
| # endif
| #endif
| #ifdef HAVE_STRING_H
| # if !defined STDC_HEADERS && defined HAVE_MEMORY_H
| #  include <memory.h>
| # endif
| # include <string.h>
| #endif
| #ifdef HAVE_STRINGS_H
| # include <strings.h>
| #endif
| #ifdef HAVE_INTTYPES_H
| # include <inttypes.h>
| #endif
| #ifdef HAVE_STDINT_H
| # include <stdint.h>
| #endif
| #ifdef HAVE_UNISTD_H
| # include <unistd.h>
| #endif
| #include <stropts.h>
configure:11364: result: no
configure:11364: checking stropts.h presence
configure:11364: gcc -E  conftest.c
conftest.c:39:21: error: stropts.h: No such file or directory
configure:11364: $? = 1
configure: failed program was:
| /* confdefs.h */
| #define PACKAGE_NAME "stunnel"
| #define PACKAGE_TARNAME "stunnel"
| #define PACKAGE_VERSION "4.52"
| #define PACKAGE_STRING "stunnel 4.52"
| #define PACKAGE_BUGREPORT ""
| #define PACKAGE_URL ""
| #define PACKAGE "stunnel"
| #define VERSION "4.52"
| #define _GNU_SOURCE 1
| #define HOST "x86_64-apple-darwin11.2.0"
| #define CPU_X86_64 1
| #define VENDOR_APPLE 1
| #define OS_DARWIN11_2_0 1
| #define STDC_HEADERS 1
| #define HAVE_SYS_TYPES_H 1
| #define HAVE_SYS_STAT_H 1
| #define HAVE_STDLIB_H 1
| #define HAVE_STRING_H 1
| #define HAVE_MEMORY_H 1
| #define HAVE_STRINGS_H 1
| #define HAVE_INTTYPES_H 1
| #define HAVE_STDINT_H 1
| #define HAVE_UNISTD_H 1
| #define HAVE_DLFCN_H 1
| #define LT_OBJDIR ".libs/"
| #define SIZEOF_UNSIGNED_CHAR 1
| #define SIZEOF_UNSIGNED_SHORT 2
| #define SIZEOF_UNSIGNED_INT 4
| #define SIZEOF_UNSIGNED_LONG 8
| #define HAVE_STRUCT_SOCKADDR_UN 1
| #define HAVE_STRUCT_ADDRINFO 1
| #define HAVE_DEV_PTMX 1
| #define RANDOM_FILE "/dev/urandom"
| #define HAVE_PTHREAD_H 1
| #define HAVE_POLL_H 1
| #define HAVE_TCPD_H 1
| /* end confdefs.h.  */
| #include <stropts.h>
configure:11364: result: no
configure:11364: checking for stropts.h
configure:11364: result: no
configure:11364: checking grp.h usability
configure:11364: gcc -c -g -O2 -Wall -Wextra -Wno-long-long -pedantic  conftest.c >&5
configure:11364: $? = 0
configure:11364: result: yes
configure:11364: checking grp.h presence
configure:11364: gcc -E  conftest.c
configure:11364: $? = 0
configure:11364: result: yes
configure:11364: checking for grp.h
configure:11364: result: yes
configure:11364: checking for unistd.h
configure:11364: result: yes
configure:11364: checking util.h usability
configure:11364: gcc -c -g -O2 -Wall -Wextra -Wno-long-long -pedantic  conftest.c >&5
configure:11364: $? = 0
configure:11364: result: yes
configure:11364: checking util.h presence
configure:11364: gcc -E  conftest.c
configure:11364: $? = 0
configure:11364: result: yes
configure:11364: checking for util.h
configure:11364: result: yes
configure:11364: checking libutil.h usability
configure:11364: gcc -c -g -O2 -Wall -Wextra -Wno-long-long -pedantic  conftest.c >&5
conftest.c:75:21: error: libutil.h: No such file or directory
configure:11364: $? = 1
configure: failed program was:
| /* confdefs.h */
| #define PACKAGE_NAME "stunnel"
| #define PACKAGE_TARNAME "stunnel"
| #define PACKAGE_VERSION "4.52"
| #define PACKAGE_STRING "stunnel 4.52"
| #define PACKAGE_BUGREPORT ""
| #define PACKAGE_URL ""
| #define PACKAGE "stunnel"
| #define VERSION "4.52"
| #define _GNU_SOURCE 1
| #define HOST "x86_64-apple-darwin11.2.0"
| #define CPU_X86_64 1
| #define VENDOR_APPLE 1
| #define OS_DARWIN11_2_0 1
| #define STDC_HEADERS 1
| #define HAVE_SYS_TYPES_H 1
| #define HAVE_SYS_STAT_H 1
| #define HAVE_STDLIB_H 1
| #define HAVE_STRING_H 1
| #define HAVE_MEMORY_H 1
| #define HAVE_STRINGS_H 1
| #define HAVE_INTTYPES_H 1
| #define HAVE_STDINT_H 1
| #define HAVE_UNISTD_H 1
| #define HAVE_DLFCN_H 1
| #define LT_OBJDIR ".libs/"
| #define SIZEOF_UNSIGNED_CHAR 1
| #define SIZEOF_UNSIGNED_SHORT 2
| #define SIZEOF_UNSIGNED_INT 4
| #define SIZEOF_UNSIGNED_LONG 8
| #define HAVE_STRUCT_SOCKADDR_UN 1
| #define HAVE_STRUCT_ADDRINFO 1
| #define HAVE_DEV_PTMX 1
| #define RANDOM_FILE "/dev/urandom"
| #define HAVE_PTHREAD_H 1
| #define HAVE_POLL_H 1
| #define HAVE_TCPD_H 1
| #define HAVE_GRP_H 1
| #define HAVE_UNISTD_H 1
| #define HAVE_UTIL_H 1
| /* end confdefs.h.  */
| #include <stdio.h>
| #ifdef HAVE_SYS_TYPES_H
| # include <sys/types.h>
| #endif
| #ifdef HAVE_SYS_STAT_H
| # include <sys/stat.h>
| #endif
| #ifdef STDC_HEADERS
| # include <stdlib.h>
| # include <stddef.h>
| #else
| # ifdef HAVE_STDLIB_H
| #  include <stdlib.h>
| # endif
| #endif
| #ifdef HAVE_STRING_H
| # if !defined STDC_HEADERS && defined HAVE_MEMORY_H
| #  include <memory.h>
| # endif
| # include <string.h>
| #endif
| #ifdef HAVE_STRINGS_H
| # include <strings.h>
| #endif
| #ifdef HAVE_INTTYPES_H
| # include <inttypes.h>
| #endif
| #ifdef HAVE_STDINT_H
| # include <stdint.h>
| #endif
| #ifdef HAVE_UNISTD_H
| # include <unistd.h>
| #endif
| #include <libutil.h>
configure:11364: result: no
configure:11364: checking libutil.h presence
configure:11364: gcc -E  conftest.c
conftest.c:42:21: error: libutil.h: No such file or directory
configure:11364: $? = 1
configure: failed program was:
| /* confdefs.h */
| #define PACKAGE_NAME "stunnel"
| #define PACKAGE_TARNAME "stunnel"
| #define PACKAGE_VERSION "4.52"
| #define PACKAGE_STRING "stunnel 4.52"
| #define PACKAGE_BUGREPORT ""
| #define PACKAGE_URL ""
| #define PACKAGE "stunnel"
| #define VERSION "4.52"
| #define _GNU_SOURCE 1
| #define HOST "x86_64-apple-darwin11.2.0"
| #define CPU_X86_64 1
| #define VENDOR_APPLE 1
| #define OS_DARWIN11_2_0 1
| #define STDC_HEADERS 1
| #define HAVE_SYS_TYPES_H 1
| #define HAVE_SYS_STAT_H 1
| #define HAVE_STDLIB_H 1
| #define HAVE_STRING_H 1
| #define HAVE_MEMORY_H 1
| #define HAVE_STRINGS_H 1
| #define HAVE_INTTYPES_H 1
| #define HAVE_STDINT_H 1
| #define HAVE_UNISTD_H 1
| #define HAVE_DLFCN_H 1
| #define LT_OBJDIR ".libs/"
| #define SIZEOF_UNSIGNED_CHAR 1
| #define SIZEOF_UNSIGNED_SHORT 2
| #define SIZEOF_UNSIGNED_INT 4
| #define SIZEOF_UNSIGNED_LONG 8
| #define HAVE_STRUCT_SOCKADDR_UN 1
| #define HAVE_STRUCT_ADDRINFO 1
| #define HAVE_DEV_PTMX 1
| #define RANDOM_FILE "/dev/urandom"
| #define HAVE_PTHREAD_H 1
| #define HAVE_POLL_H 1
| #define HAVE_TCPD_H 1
| #define HAVE_GRP_H 1
| #define HAVE_UNISTD_H 1
| #define HAVE_UTIL_H 1
| /* end confdefs.h.  */
| #include <libutil.h>
configure:11364: result: no
configure:11364: checking for libutil.h
configure:11364: result: no
configure:11364: checking pty.h usability
configure:11364: gcc -c -g -O2 -Wall -Wextra -Wno-long-long -pedantic  conftest.c >&5
conftest.c:75:17: error: pty.h: No such file or directory
configure:11364: $? = 1
configure: failed program was:
| /* confdefs.h */
| #define PACKAGE_NAME "stunnel"
| #define PACKAGE_TARNAME "stunnel"
| #define PACKAGE_VERSION "4.52"
| #define PACKAGE_STRING "stunnel 4.52"
| #define PACKAGE_BUGREPORT ""
| #define PACKAGE_URL ""
| #define PACKAGE "stunnel"
| #define VERSION "4.52"
| #define _GNU_SOURCE 1
| #define HOST "x86_64-apple-darwin11.2.0"
| #define CPU_X86_64 1
| #define VENDOR_APPLE 1
| #define OS_DARWIN11_2_0 1
| #define STDC_HEADERS 1
| #define HAVE_SYS_TYPES_H 1
| #define HAVE_SYS_STAT_H 1
| #define HAVE_STDLIB_H 1
| #define HAVE_STRING_H 1
| #define HAVE_MEMORY_H 1
| #define HAVE_STRINGS_H 1
| #define HAVE_INTTYPES_H 1
| #define HAVE_STDINT_H 1
| #define HAVE_UNISTD_H 1
| #define HAVE_DLFCN_H 1
| #define LT_OBJDIR ".libs/"
| #define SIZEOF_UNSIGNED_CHAR 1
| #define SIZEOF_UNSIGNED_SHORT 2
| #define SIZEOF_UNSIGNED_INT 4
| #define SIZEOF_UNSIGNED_LONG 8
| #define HAVE_STRUCT_SOCKADDR_UN 1
| #define HAVE_STRUCT_ADDRINFO 1
| #define HAVE_DEV_PTMX 1
| #define RANDOM_FILE "/dev/urandom"
| #define HAVE_PTHREAD_H 1
| #define HAVE_POLL_H 1
| #define HAVE_TCPD_H 1
| #define HAVE_GRP_H 1
| #define HAVE_UNISTD_H 1
| #define HAVE_UTIL_H 1
| /* end confdefs.h.  */
| #include <stdio.h>
| #ifdef HAVE_SYS_TYPES_H
| # include <sys/types.h>
| #endif
| #ifdef HAVE_SYS_STAT_H
| # include <sys/stat.h>
| #endif
| #ifdef STDC_HEADERS
| # include <stdlib.h>
| # include <stddef.h>
| #else
| # ifdef HAVE_STDLIB_H
| #  include <stdlib.h>
| # endif
| #endif
| #ifdef HAVE_STRING_H
| # if !defined STDC_HEADERS && defined HAVE_MEMORY_H
| #  include <memory.h>
| # endif
| # include <string.h>
| #endif
| #ifdef HAVE_STRINGS_H
| # include <strings.h>
| #endif
| #ifdef HAVE_INTTYPES_H
| # include <inttypes.h>
| #endif
| #ifdef HAVE_STDINT_H
| # include <stdint.h>
| #endif
| #ifdef HAVE_UNISTD_H
| # include <unistd.h>
| #endif
| #include <pty.h>
configure:11364: result: no
configure:11364: checking pty.h presence
configure:11364: gcc -E  conftest.c
conftest.c:42:17: error: pty.h: No such file or directory
configure:11364: $? = 1
configure: failed program was:
| /* confdefs.h */
| #define PACKAGE_NAME "stunnel"
| #define PACKAGE_TARNAME "stunnel"
| #define PACKAGE_VERSION "4.52"
| #define PACKAGE_STRING "stunnel 4.52"
| #define PACKAGE_BUGREPORT ""
| #define PACKAGE_URL ""
| #define PACKAGE "stunnel"
| #define VERSION "4.52"
| #define _GNU_SOURCE 1
| #define HOST "x86_64-apple-darwin11.2.0"
| #define CPU_X86_64 1
| #define VENDOR_APPLE 1
| #define OS_DARWIN11_2_0 1
| #define STDC_HEADERS 1
| #define HAVE_SYS_TYPES_H 1
| #define HAVE_SYS_STAT_H 1
| #define HAVE_STDLIB_H 1
| #define HAVE_STRING_H 1
| #define HAVE_MEMORY_H 1
| #define HAVE_STRINGS_H 1
| #define HAVE_INTTYPES_H 1
| #define HAVE_STDINT_H 1
| #define HAVE_UNISTD_H 1
| #define HAVE_DLFCN_H 1
| #define LT_OBJDIR ".libs/"
| #define SIZEOF_UNSIGNED_CHAR 1
| #define SIZEOF_UNSIGNED_SHORT 2
| #define SIZEOF_UNSIGNED_INT 4
| #define SIZEOF_UNSIGNED_LONG 8
| #define HAVE_STRUCT_SOCKADDR_UN 1
| #define HAVE_STRUCT_ADDRINFO 1
| #define HAVE_DEV_PTMX 1
| #define RANDOM_FILE "/dev/urandom"
| #define HAVE_PTHREAD_H 1
| #define HAVE_POLL_H 1
| #define HAVE_TCPD_H 1
| #define HAVE_GRP_H 1
| #define HAVE_UNISTD_H 1
| #define HAVE_UTIL_H 1
| /* end confdefs.h.  */
| #include <pty.h>
configure:11364: result: no
configure:11364: checking for pty.h
configure:11364: result: no
configure:11377: checking sys/select.h usability
configure:11377: gcc -c -g -O2 -Wall -Wextra -Wno-long-long -pedantic  conftest.c >&5
configure:11377: $? = 0
configure:11377: result: yes
configure:11377: checking sys/select.h presence
configure:11377: gcc -E  conftest.c
configure:11377: $? = 0
configure:11377: result: yes
configure:11377: checking for sys/select.h
configure:11377: result: yes
configure:11377: checking sys/poll.h usability
configure:11377: gcc -c -g -O2 -Wall -Wextra -Wno-long-long -pedantic  conftest.c >&5
configure:11377: $? = 0
configure:11377: result: yes
configure:11377: checking sys/poll.h presence
configure:11377: gcc -E  conftest.c
configure:11377: $? = 0
configure:11377: result: yes
configure:11377: checking for sys/poll.h
configure:11377: result: yes
configure:11377: checking sys/socket.h usability
configure:11377: gcc -c -g -O2 -Wall -Wextra -Wno-long-long -pedantic  conftest.c >&5
configure:11377: $? = 0
configure:11377: result: yes
configure:11377: checking sys/socket.h presence
configure:11377: gcc -E  conftest.c
configure:11377: $? = 0
configure:11377: result: yes
configure:11377: checking for sys/socket.h
configure:11377: result: yes
configure:11377: checking sys/un.h usability
configure:11377: gcc -c -g -O2 -Wall -Wextra -Wno-long-long -pedantic  conftest.c >&5
configure:11377: $? = 0
configure:11377: result: yes
configure:11377: checking sys/un.h presence
configure:11377: gcc -E  conftest.c
configure:11377: $? = 0
configure:11377: result: yes
configure:11377: checking for sys/un.h
configure:11377: result: yes
configure:11377: checking sys/ioctl.h usability
configure:11377: gcc -c -g -O2 -Wall -Wextra -Wno-long-long -pedantic  conftest.c >&5
configure:11377: $? = 0
configure:11377: result: yes
configure:11377: checking sys/ioctl.h presence
configure:11377: gcc -E  conftest.c
configure:11377: $? = 0
configure:11377: result: yes
configure:11377: checking for sys/ioctl.h
configure:11377: result: yes
configure:11377: checking sys/filio.h usability
configure:11377: gcc -c -g -O2 -Wall -Wextra -Wno-long-long -pedantic  conftest.c >&5
configure:11377: $? = 0
configure:11377: result: yes
configure:11377: checking sys/filio.h presence
configure:11377: gcc -E  conftest.c
configure:11377: $? = 0
configure:11377: result: yes
configure:11377: checking for sys/filio.h
configure:11377: result: yes
configure:11377: checking sys/resource.h usability
configure:11377: gcc -c -g -O2 -Wall -Wextra -Wno-long-long -pedantic  conftest.c >&5
configure:11377: $? = 0
configure:11377: result: yes
configure:11377: checking sys/resource.h presence
configure:11377: gcc -E  conftest.c
configure:11377: $? = 0
configure:11377: result: yes
configure:11377: checking for sys/resource.h
configure:11377: result: yes
configure:11387: checking for struct msghdr.msg_control
configure:11387: gcc -c -g -O2 -Wall -Wextra -Wno-long-long -pedantic  conftest.c >&5
configure:11387: $? = 0
configure:11387: result: yes
configure:11402: checking for linux/netfilter_ipv4.h
configure:11402: gcc -c -g -O2 -Wall -Wextra -Wno-long-long -pedantic  conftest.c >&5
conftest.c:53:25: error: linux/types.h: No such file or directory
conftest.c:58:34: error: linux/netfilter_ipv4.h: No such file or directory
configure:11402: $? = 1
configure: failed program was:
| /* confdefs.h */
| #define PACKAGE_NAME "stunnel"
| #define PACKAGE_TARNAME "stunnel"
| #define PACKAGE_VERSION "4.52"
| #define PACKAGE_STRING "stunnel 4.52"
| #define PACKAGE_BUGREPORT ""
| #define PACKAGE_URL ""
| #define PACKAGE "stunnel"
| #define VERSION "4.52"
| #define _GNU_SOURCE 1
| #define HOST "x86_64-apple-darwin11.2.0"
| #define CPU_X86_64 1
| #define VENDOR_APPLE 1
| #define OS_DARWIN11_2_0 1
| #define STDC_HEADERS 1
| #define HAVE_SYS_TYPES_H 1
| #define HAVE_SYS_STAT_H 1
| #define HAVE_STDLIB_H 1
| #define HAVE_STRING_H 1
| #define HAVE_MEMORY_H 1
| #define HAVE_STRINGS_H 1
| #define HAVE_INTTYPES_H 1
| #define HAVE_STDINT_H 1
| #define HAVE_UNISTD_H 1
| #define HAVE_DLFCN_H 1
| #define LT_OBJDIR ".libs/"
| #define SIZEOF_UNSIGNED_CHAR 1
| #define SIZEOF_UNSIGNED_SHORT 2
| #define SIZEOF_UNSIGNED_INT 4
| #define SIZEOF_UNSIGNED_LONG 8
| #define HAVE_STRUCT_SOCKADDR_UN 1
| #define HAVE_STRUCT_ADDRINFO 1
| #define HAVE_DEV_PTMX 1
| #define RANDOM_FILE "/dev/urandom"
| #define HAVE_PTHREAD_H 1
| #define HAVE_POLL_H 1
| #define HAVE_TCPD_H 1
| #define HAVE_GRP_H 1
| #define HAVE_UNISTD_H 1
| #define HAVE_UTIL_H 1
| #define HAVE_SYS_SELECT_H 1
| #define HAVE_SYS_POLL_H 1
| #define HAVE_SYS_SOCKET_H 1
| #define HAVE_SYS_UN_H 1
| #define HAVE_SYS_IOCTL_H 1
| #define HAVE_SYS_FILIO_H 1
| #define HAVE_SYS_RESOURCE_H 1
| #define HAVE_STRUCT_MSGHDR_MSG_CONTROL 1
| #define HAVE_MSGHDR_MSG_CONTROL 1
| /* end confdefs.h.  */
| 
| #include <limits.h>
| #include <linux/types.h>
| #include <sys/socket.h>
| #include <netdb.h>
| 
| 
| #include <linux/netfilter_ipv4.h>
configure:11402: result: no
configure:11419: **************************************** libraries
configure:11422: checking for library containing gethostbyname
configure:11453: gcc -o conftest -g -O2 -Wall -Wextra -Wno-long-long -pedantic   conftest.c  >&5
configure:11453: $? = 0
configure:11470: result: none required
configure:11478: checking for library containing yp_get_default_domain
configure:11509: gcc -o conftest -g -O2 -Wall -Wextra -Wno-long-long -pedantic   conftest.c  >&5
configure:11509: $? = 0
configure:11526: result: none required
configure:11534: checking for library containing socket
configure:11565: gcc -o conftest -g -O2 -Wall -Wextra -Wno-long-long -pedantic   conftest.c  >&5
configure:11565: $? = 0
configure:11582: result: none required
configure:11590: checking for library containing openpty
configure:11621: gcc -o conftest -g -O2 -Wall -Wextra -Wno-long-long -pedantic   conftest.c  >&5
configure:11621: $? = 0
configure:11638: result: none required
configure:11647: checking for library containing dlopen
configure:11678: gcc -o conftest -g -O2 -Wall -Wextra -Wno-long-long -pedantic   conftest.c  >&5
configure:11678: $? = 0
configure:11695: result: none required
configure:11703: checking for library containing shl_load
configure:11734: gcc -o conftest -g -O2 -Wall -Wextra -Wno-long-long -pedantic   conftest.c  >&5
Undefined symbols for architecture x86_64:
  "_shl_load", referenced from:
      _main in cctqEoq6.o
ld: symbol(s) not found for architecture x86_64
collect2: ld returned 1 exit status
configure:11734: $? = 1
configure: failed program was:
| /* confdefs.h */
| #define PACKAGE_NAME "stunnel"
| #define PACKAGE_TARNAME "stunnel"
| #define PACKAGE_VERSION "4.52"
| #define PACKAGE_STRING "stunnel 4.52"
| #define PACKAGE_BUGREPORT ""
| #define PACKAGE_URL ""
| #define PACKAGE "stunnel"
| #define VERSION "4.52"
| #define _GNU_SOURCE 1
| #define HOST "x86_64-apple-darwin11.2.0"
| #define CPU_X86_64 1
| #define VENDOR_APPLE 1
| #define OS_DARWIN11_2_0 1
| #define STDC_HEADERS 1
| #define HAVE_SYS_TYPES_H 1
| #define HAVE_SYS_STAT_H 1
| #define HAVE_STDLIB_H 1
| #define HAVE_STRING_H 1
| #define HAVE_MEMORY_H 1
| #define HAVE_STRINGS_H 1
| #define HAVE_INTTYPES_H 1
| #define HAVE_STDINT_H 1
| #define HAVE_UNISTD_H 1
| #define HAVE_DLFCN_H 1
| #define LT_OBJDIR ".libs/"
| #define SIZEOF_UNSIGNED_CHAR 1
| #define SIZEOF_UNSIGNED_SHORT 2
| #define SIZEOF_UNSIGNED_INT 4
| #define SIZEOF_UNSIGNED_LONG 8
| #define HAVE_STRUCT_SOCKADDR_UN 1
| #define HAVE_STRUCT_ADDRINFO 1
| #define HAVE_DEV_PTMX 1
| #define RANDOM_FILE "/dev/urandom"
| #define HAVE_PTHREAD_H 1
| #define HAVE_POLL_H 1
| #define HAVE_TCPD_H 1
| #define HAVE_GRP_H 1
| #define HAVE_UNISTD_H 1
| #define HAVE_UTIL_H 1
| #define HAVE_SYS_SELECT_H 1
| #define HAVE_SYS_POLL_H 1
| #define HAVE_SYS_SOCKET_H 1
| #define HAVE_SYS_UN_H 1
| #define HAVE_SYS_IOCTL_H 1
| #define HAVE_SYS_FILIO_H 1
| #define HAVE_SYS_RESOURCE_H 1
| #define HAVE_STRUCT_MSGHDR_MSG_CONTROL 1
| #define HAVE_MSGHDR_MSG_CONTROL 1
| /* end confdefs.h.  */
| 
| /* Override any GCC internal prototype to avoid an error.
|    Use char because int might match the return type of a GCC
|    builtin and then its argument prototype would still apply.  */
| #ifdef __cplusplus
| extern "C"
| #endif
| char shl_load ();
| int
| main ()
| {
| return shl_load ();
|   ;
|   return 0;
| }
configure:11734: gcc -o conftest -g -O2 -Wall -Wextra -Wno-long-long -pedantic   conftest.c -ldld   >&5
ld: library not found for -ldld
collect2: ld returned 1 exit status
configure:11734: $? = 1
configure: failed program was:
| /* confdefs.h */
| #define PACKAGE_NAME "stunnel"
| #define PACKAGE_TARNAME "stunnel"
| #define PACKAGE_VERSION "4.52"
| #define PACKAGE_STRING "stunnel 4.52"
| #define PACKAGE_BUGREPORT ""
| #define PACKAGE_URL ""
| #define PACKAGE "stunnel"
| #define VERSION "4.52"
| #define _GNU_SOURCE 1
| #define HOST "x86_64-apple-darwin11.2.0"
| #define CPU_X86_64 1
| #define VENDOR_APPLE 1
| #define OS_DARWIN11_2_0 1
| #define STDC_HEADERS 1
| #define HAVE_SYS_TYPES_H 1
| #define HAVE_SYS_STAT_H 1
| #define HAVE_STDLIB_H 1
| #define HAVE_STRING_H 1
| #define HAVE_MEMORY_H 1
| #define HAVE_STRINGS_H 1
| #define HAVE_INTTYPES_H 1
| #define HAVE_STDINT_H 1
| #define HAVE_UNISTD_H 1
| #define HAVE_DLFCN_H 1
| #define LT_OBJDIR ".libs/"
| #define SIZEOF_UNSIGNED_CHAR 1
| #define SIZEOF_UNSIGNED_SHORT 2
| #define SIZEOF_UNSIGNED_INT 4
| #define SIZEOF_UNSIGNED_LONG 8
| #define HAVE_STRUCT_SOCKADDR_UN 1
| #define HAVE_STRUCT_ADDRINFO 1
| #define HAVE_DEV_PTMX 1
| #define RANDOM_FILE "/dev/urandom"
| #define HAVE_PTHREAD_H 1
| #define HAVE_POLL_H 1
| #define HAVE_TCPD_H 1
| #define HAVE_GRP_H 1
| #define HAVE_UNISTD_H 1
| #define HAVE_UTIL_H 1
| #define HAVE_SYS_SELECT_H 1
| #define HAVE_SYS_POLL_H 1
| #define HAVE_SYS_SOCKET_H 1
| #define HAVE_SYS_UN_H 1
| #define HAVE_SYS_IOCTL_H 1
| #define HAVE_SYS_FILIO_H 1
| #define HAVE_SYS_RESOURCE_H 1
| #define HAVE_STRUCT_MSGHDR_MSG_CONTROL 1
| #define HAVE_MSGHDR_MSG_CONTROL 1
| /* end confdefs.h.  */
| 
| /* Override any GCC internal prototype to avoid an error.
|    Use char because int might match the return type of a GCC
|    builtin and then its argument prototype would still apply.  */
| #ifdef __cplusplus
| extern "C"
| #endif
| char shl_load ();
| int
| main ()
| {
| return shl_load ();
|   ;
|   return 0;
| }
configure:11751: result: no
configure:11759: checking for library containing inflateEnd
configure:11790: gcc -o conftest -g -O2 -Wall -Wextra -Wno-long-long -pedantic   conftest.c  >&5
Undefined symbols for architecture x86_64:
  "_inflateEnd", referenced from:
      _main in ccIlzISr.o
ld: symbol(s) not found for architecture x86_64
collect2: ld returned 1 exit status
configure:11790: $? = 1
configure: failed program was:
| /* confdefs.h */
| #define PACKAGE_NAME "stunnel"
| #define PACKAGE_TARNAME "stunnel"
| #define PACKAGE_VERSION "4.52"
| #define PACKAGE_STRING "stunnel 4.52"
| #define PACKAGE_BUGREPORT ""
| #define PACKAGE_URL ""
| #define PACKAGE "stunnel"
| #define VERSION "4.52"
| #define _GNU_SOURCE 1
| #define HOST "x86_64-apple-darwin11.2.0"
| #define CPU_X86_64 1
| #define VENDOR_APPLE 1
| #define OS_DARWIN11_2_0 1
| #define STDC_HEADERS 1
| #define HAVE_SYS_TYPES_H 1
| #define HAVE_SYS_STAT_H 1
| #define HAVE_STDLIB_H 1
| #define HAVE_STRING_H 1
| #define HAVE_MEMORY_H 1
| #define HAVE_STRINGS_H 1
| #define HAVE_INTTYPES_H 1
| #define HAVE_STDINT_H 1
| #define HAVE_UNISTD_H 1
| #define HAVE_DLFCN_H 1
| #define LT_OBJDIR ".libs/"
| #define SIZEOF_UNSIGNED_CHAR 1
| #define SIZEOF_UNSIGNED_SHORT 2
| #define SIZEOF_UNSIGNED_INT 4
| #define SIZEOF_UNSIGNED_LONG 8
| #define HAVE_STRUCT_SOCKADDR_UN 1
| #define HAVE_STRUCT_ADDRINFO 1
| #define HAVE_DEV_PTMX 1
| #define RANDOM_FILE "/dev/urandom"
| #define HAVE_PTHREAD_H 1
| #define HAVE_POLL_H 1
| #define HAVE_TCPD_H 1
| #define HAVE_GRP_H 1
| #define HAVE_UNISTD_H 1
| #define HAVE_UTIL_H 1
| #define HAVE_SYS_SELECT_H 1
| #define HAVE_SYS_POLL_H 1
| #define HAVE_SYS_SOCKET_H 1
| #define HAVE_SYS_UN_H 1
| #define HAVE_SYS_IOCTL_H 1
| #define HAVE_SYS_FILIO_H 1
| #define HAVE_SYS_RESOURCE_H 1
| #define HAVE_STRUCT_MSGHDR_MSG_CONTROL 1
| #define HAVE_MSGHDR_MSG_CONTROL 1
| /* end confdefs.h.  */
| 
| /* Override any GCC internal prototype to avoid an error.
|    Use char because int might match the return type of a GCC
|    builtin and then its argument prototype would still apply.  */
| #ifdef __cplusplus
| extern "C"
| #endif
| char inflateEnd ();
| int
| main ()
| {
| return inflateEnd ();
|   ;
|   return 0;
| }
configure:11790: gcc -o conftest -g -O2 -Wall -Wextra -Wno-long-long -pedantic   conftest.c -lz   >&5
configure:11790: $? = 0
configure:11807: result: -lz
configure:11821: **************************************** thread model
configure:11826: checking for pthread_create in -lc_r
configure:11851: gcc -o conftest -g -O2 -Wall -Wextra -Wno-long-long -pedantic   conftest.c -lc_r  -lz  >&5
ld: library not found for -lc_r
collect2: ld returned 1 exit status
configure:11851: $? = 1
configure: failed program was:
| /* confdefs.h */
| #define PACKAGE_NAME "stunnel"
| #define PACKAGE_TARNAME "stunnel"
| #define PACKAGE_VERSION "4.52"
| #define PACKAGE_STRING "stunnel 4.52"
| #define PACKAGE_BUGREPORT ""
| #define PACKAGE_URL ""
| #define PACKAGE "stunnel"
| #define VERSION "4.52"
| #define _GNU_SOURCE 1
| #define HOST "x86_64-apple-darwin11.2.0"
| #define CPU_X86_64 1
| #define VENDOR_APPLE 1
| #define OS_DARWIN11_2_0 1
| #define STDC_HEADERS 1
| #define HAVE_SYS_TYPES_H 1
| #define HAVE_SYS_STAT_H 1
| #define HAVE_STDLIB_H 1
| #define HAVE_STRING_H 1
| #define HAVE_MEMORY_H 1
| #define HAVE_STRINGS_H 1
| #define HAVE_INTTYPES_H 1
| #define HAVE_STDINT_H 1
| #define HAVE_UNISTD_H 1
| #define HAVE_DLFCN_H 1
| #define LT_OBJDIR ".libs/"
| #define SIZEOF_UNSIGNED_CHAR 1
| #define SIZEOF_UNSIGNED_SHORT 2
| #define SIZEOF_UNSIGNED_INT 4
| #define SIZEOF_UNSIGNED_LONG 8
| #define HAVE_STRUCT_SOCKADDR_UN 1
| #define HAVE_STRUCT_ADDRINFO 1
| #define HAVE_DEV_PTMX 1
| #define RANDOM_FILE "/dev/urandom"
| #define HAVE_PTHREAD_H 1
| #define HAVE_POLL_H 1
| #define HAVE_TCPD_H 1
| #define HAVE_GRP_H 1
| #define HAVE_UNISTD_H 1
| #define HAVE_UTIL_H 1
| #define HAVE_SYS_SELECT_H 1
| #define HAVE_SYS_POLL_H 1
| #define HAVE_SYS_SOCKET_H 1
| #define HAVE_SYS_UN_H 1
| #define HAVE_SYS_IOCTL_H 1
| #define HAVE_SYS_FILIO_H 1
| #define HAVE_SYS_RESOURCE_H 1
| #define HAVE_STRUCT_MSGHDR_MSG_CONTROL 1
| #define HAVE_MSGHDR_MSG_CONTROL 1
| /* end confdefs.h.  */
| 
| /* Override any GCC internal prototype to avoid an error.
|    Use char because int might match the return type of a GCC
|    builtin and then its argument prototype would still apply.  */
| #ifdef __cplusplus
| extern "C"
| #endif
| char pthread_create ();
| int
| main ()
| {
| return pthread_create ();
|   ;
|   return 0;
| }
configure:11860: result: no
configure:11875: checking for pthread_create in -lc
configure:11900: gcc -o conftest -g -O2 -Wall -Wextra -Wno-long-long -pedantic   conftest.c -lc  -lz  >&5
configure:11900: $? = 0
configure:11909: result: yes
configure:11923: checking for pthread_create in -lpthread
configure:11939: gcc -o conftest -g -O2 -Wall -Wextra -Wno-long-long -pedantic   conftest.c -lz  -lpthread >&5
configure:11939: $? = 0
configure:11941: result: yes
configure:11996: PTHREAD thread model detected
configure:12018: **************************************** library functions
configure:12024: checking for snprintf
configure:12024: gcc -o conftest -g -O2 -Wall -Wextra -Wno-long-long -pedantic   conftest.c -lz  -lpthread >&5
conftest.c:77: warning: conflicting types for built-in function 'snprintf'
configure:12024: $? = 0
configure:12024: result: yes
configure:12024: checking for vsnprintf
configure:12024: gcc -o conftest -g -O2 -Wall -Wextra -Wno-long-long -pedantic   conftest.c -lz  -lpthread >&5
conftest.c:78: warning: conflicting types for built-in function 'vsnprintf'
configure:12024: $? = 0
configure:12024: result: yes
configure:12037: checking for openpty
configure:12037: gcc -o conftest -g -O2 -Wall -Wextra -Wno-long-long -pedantic   conftest.c -lz  -lpthread >&5
configure:12037: $? = 0
configure:12037: result: yes
configure:12037: checking for _getpty
configure:12037: gcc -o conftest -g -O2 -Wall -Wextra -Wno-long-long -pedantic   conftest.c -lz  -lpthread >&5
Undefined symbols for architecture x86_64:
  "__getpty", referenced from:
      _main in cctv6ebW.o
ld: symbol(s) not found for architecture x86_64
collect2: ld returned 1 exit status
configure:12037: $? = 1
configure: failed program was:
| /* confdefs.h */
| #define PACKAGE_NAME "stunnel"
| #define PACKAGE_TARNAME "stunnel"
| #define PACKAGE_VERSION "4.52"
| #define PACKAGE_STRING "stunnel 4.52"
| #define PACKAGE_BUGREPORT ""
| #define PACKAGE_URL ""
| #define PACKAGE "stunnel"
| #define VERSION "4.52"
| #define _GNU_SOURCE 1
| #define HOST "x86_64-apple-darwin11.2.0"
| #define CPU_X86_64 1
| #define VENDOR_APPLE 1
| #define OS_DARWIN11_2_0 1
| #define STDC_HEADERS 1
| #define HAVE_SYS_TYPES_H 1
| #define HAVE_SYS_STAT_H 1
| #define HAVE_STDLIB_H 1
| #define HAVE_STRING_H 1
| #define HAVE_MEMORY_H 1
| #define HAVE_STRINGS_H 1
| #define HAVE_INTTYPES_H 1
| #define HAVE_STDINT_H 1
| #define HAVE_UNISTD_H 1
| #define HAVE_DLFCN_H 1
| #define LT_OBJDIR ".libs/"
| #define SIZEOF_UNSIGNED_CHAR 1
| #define SIZEOF_UNSIGNED_SHORT 2
| #define SIZEOF_UNSIGNED_INT 4
| #define SIZEOF_UNSIGNED_LONG 8
| #define HAVE_STRUCT_SOCKADDR_UN 1
| #define HAVE_STRUCT_ADDRINFO 1
| #define HAVE_DEV_PTMX 1
| #define RANDOM_FILE "/dev/urandom"
| #define HAVE_PTHREAD_H 1
| #define HAVE_POLL_H 1
| #define HAVE_TCPD_H 1
| #define HAVE_GRP_H 1
| #define HAVE_UNISTD_H 1
| #define HAVE_UTIL_H 1
| #define HAVE_SYS_SELECT_H 1
| #define HAVE_SYS_POLL_H 1
| #define HAVE_SYS_SOCKET_H 1
| #define HAVE_SYS_UN_H 1
| #define HAVE_SYS_IOCTL_H 1
| #define HAVE_SYS_FILIO_H 1
| #define HAVE_SYS_RESOURCE_H 1
| #define HAVE_STRUCT_MSGHDR_MSG_CONTROL 1
| #define HAVE_MSGHDR_MSG_CONTROL 1
| #define HAVE_LIBPTHREAD 1
| #define HAVE_LIBPTHREAD 1
| #define USE_PTHREAD 1
| #define HAVE_SNPRINTF 1
| #define HAVE_VSNPRINTF 1
| #define HAVE_OPENPTY 1
| /* end confdefs.h.  */
| /* Define _getpty to an innocuous variant, in case <limits.h> declares _getpty.
|    For example, HP-UX 11i <limits.h> declares gettimeofday.  */
| #define _getpty innocuous__getpty
| 
| /* System header to define __stub macros and hopefully few prototypes,
|     which can conflict with char _getpty (); below.
|     Prefer <limits.h> to <assert.h> if __STDC__ is defined, since
|     <limits.h> exists even on freestanding compilers.  */
| 
| #ifdef __STDC__
| # include <limits.h>
| #else
| # include <assert.h>
| #endif
| 
| #undef _getpty
| 
| /* Override any GCC internal prototype to avoid an error.
|    Use char because int might match the return type of a GCC
|    builtin and then its argument prototype would still apply.  */
| #ifdef __cplusplus
| extern "C"
| #endif
| char _getpty ();
| /* The GNU C library defines this for functions which it implements
|     to always fail with ENOSYS.  Some functions are actually named
|     something starting with __ and the normal name is an alias.  */
| #if defined __stub__getpty || defined __stub____getpty
| choke me
| #endif
| 
| int
| main ()
| {
| return _getpty ();
|   ;
|   return 0;
| }
configure:12037: result: no
configure:12050: checking for daemon
configure:12050: gcc -o conftest -g -O2 -Wall -Wextra -Wno-long-long -pedantic   conftest.c -lz  -lpthread >&5
configure:12050: $? = 0
configure:12050: result: yes
configure:12050: checking for waitpid
configure:12050: gcc -o conftest -g -O2 -Wall -Wextra -Wno-long-long -pedantic   conftest.c -lz  -lpthread >&5
configure:12050: $? = 0
configure:12050: result: yes
configure:12050: checking for wait4
configure:12050: gcc -o conftest -g -O2 -Wall -Wextra -Wno-long-long -pedantic   conftest.c -lz  -lpthread >&5
configure:12050: $? = 0
configure:12050: result: yes
configure:12050: checking for setsid
configure:12050: gcc -o conftest -g -O2 -Wall -Wextra -Wno-long-long -pedantic   conftest.c -lz  -lpthread >&5
configure:12050: $? = 0
configure:12050: result: yes
configure:12050: checking for setgroups
configure:12050: gcc -o conftest -g -O2 -Wall -Wextra -Wno-long-long -pedantic   conftest.c -lz  -lpthread >&5
configure:12050: $? = 0
configure:12050: result: yes
configure:12050: checking for chroot
configure:12050: gcc -o conftest -g -O2 -Wall -Wextra -Wno-long-long -pedantic   conftest.c -lz  -lpthread >&5
configure:12050: $? = 0
configure:12050: result: yes
configure:12063: checking for sysconf
configure:12063: gcc -o conftest -g -O2 -Wall -Wextra -Wno-long-long -pedantic   conftest.c -lz  -lpthread >&5
configure:12063: $? = 0
configure:12063: result: yes
configure:12063: checking for getrlimit
configure:12063: gcc -o conftest -g -O2 -Wall -Wextra -Wno-long-long -pedantic   conftest.c -lz  -lpthread >&5
configure:12063: $? = 0
configure:12063: result: yes
configure:12076: checking for pthread_sigmask
configure:12076: gcc -o conftest -g -O2 -Wall -Wextra -Wno-long-long -pedantic   conftest.c -lz  -lpthread >&5
configure:12076: $? = 0
configure:12076: result: yes
configure:12076: checking for localtime_r
configure:12076: gcc -o conftest -g -O2 -Wall -Wextra -Wno-long-long -pedantic   conftest.c -lz  -lpthread >&5
configure:12076: $? = 0
configure:12076: result: yes
configure:12089: checking for getcontext
configure:12089: gcc -o conftest -g -O2 -Wall -Wextra -Wno-long-long -pedantic   conftest.c -lz  -lpthread >&5
configure:12089: $? = 0
configure:12089: result: yes
configure:12089: checking for __makecontext_v2
configure:12089: gcc -o conftest -g -O2 -Wall -Wextra -Wno-long-long -pedantic   conftest.c -lz  -lpthread >&5
Undefined symbols for architecture x86_64:
  "___makecontext_v2", referenced from:
      _main in ccgylLJG.o
ld: symbol(s) not found for architecture x86_64
collect2: ld returned 1 exit status
configure:12089: $? = 1
configure: failed program was:
| /* confdefs.h */
| #define PACKAGE_NAME "stunnel"
| #define PACKAGE_TARNAME "stunnel"
| #define PACKAGE_VERSION "4.52"
| #define PACKAGE_STRING "stunnel 4.52"
| #define PACKAGE_BUGREPORT ""
| #define PACKAGE_URL ""
| #define PACKAGE "stunnel"
| #define VERSION "4.52"
| #define _GNU_SOURCE 1
| #define HOST "x86_64-apple-darwin11.2.0"
| #define CPU_X86_64 1
| #define VENDOR_APPLE 1
| #define OS_DARWIN11_2_0 1
| #define STDC_HEADERS 1
| #define HAVE_SYS_TYPES_H 1
| #define HAVE_SYS_STAT_H 1
| #define HAVE_STDLIB_H 1
| #define HAVE_STRING_H 1
| #define HAVE_MEMORY_H 1
| #define HAVE_STRINGS_H 1
| #define HAVE_INTTYPES_H 1
| #define HAVE_STDINT_H 1
| #define HAVE_UNISTD_H 1
| #define HAVE_DLFCN_H 1
| #define LT_OBJDIR ".libs/"
| #define SIZEOF_UNSIGNED_CHAR 1
| #define SIZEOF_UNSIGNED_SHORT 2
| #define SIZEOF_UNSIGNED_INT 4
| #define SIZEOF_UNSIGNED_LONG 8
| #define HAVE_STRUCT_SOCKADDR_UN 1
| #define HAVE_STRUCT_ADDRINFO 1
| #define HAVE_DEV_PTMX 1
| #define RANDOM_FILE "/dev/urandom"
| #define HAVE_PTHREAD_H 1
| #define HAVE_POLL_H 1
| #define HAVE_TCPD_H 1
| #define HAVE_GRP_H 1
| #define HAVE_UNISTD_H 1
| #define HAVE_UTIL_H 1
| #define HAVE_SYS_SELECT_H 1
| #define HAVE_SYS_POLL_H 1
| #define HAVE_SYS_SOCKET_H 1
| #define HAVE_SYS_UN_H 1
| #define HAVE_SYS_IOCTL_H 1
| #define HAVE_SYS_FILIO_H 1
| #define HAVE_SYS_RESOURCE_H 1
| #define HAVE_STRUCT_MSGHDR_MSG_CONTROL 1
| #define HAVE_MSGHDR_MSG_CONTROL 1
| #define HAVE_LIBPTHREAD 1
| #define HAVE_LIBPTHREAD 1
| #define USE_PTHREAD 1
| #define HAVE_SNPRINTF 1
| #define HAVE_VSNPRINTF 1
| #define HAVE_OPENPTY 1
| #define HAVE_DAEMON 1
| #define HAVE_WAITPID 1
| #define HAVE_WAIT4 1
| #define HAVE_SETSID 1
| #define HAVE_SETGROUPS 1
| #define HAVE_CHROOT 1
| #define HAVE_SYSCONF 1
| #define HAVE_GETRLIMIT 1
| #define HAVE_PTHREAD_SIGMASK 1
| #define HAVE_LOCALTIME_R 1
| #define HAVE_GETCONTEXT 1
| /* end confdefs.h.  */
| /* Define __makecontext_v2 to an innocuous variant, in case <limits.h> declares __makecontext_v2.
|    For example, HP-UX 11i <limits.h> declares gettimeofday.  */
| #define __makecontext_v2 innocuous___makecontext_v2
| 
| /* System header to define __stub macros and hopefully few prototypes,
|     which can conflict with char __makecontext_v2 (); below.
|     Prefer <limits.h> to <assert.h> if __STDC__ is defined, since
|     <limits.h> exists even on freestanding compilers.  */
| 
| #ifdef __STDC__
| # include <limits.h>
| #else
| # include <assert.h>
| #endif
| 
| #undef __makecontext_v2
| 
| /* Override any GCC internal prototype to avoid an error.
|    Use char because int might match the return type of a GCC
|    builtin and then its argument prototype would still apply.  */
| #ifdef __cplusplus
| extern "C"
| #endif
| char __makecontext_v2 ();
| /* The GNU C library defines this for functions which it implements
|     to always fail with ENOSYS.  Some functions are actually named
|     something starting with __ and the normal name is an alias.  */
| #if defined __stub___makecontext_v2 || defined __stub_____makecontext_v2
| choke me
| #endif
| 
| int
| main ()
| {
| return __makecontext_v2 ();
|   ;
|   return 0;
| }
configure:12089: result: no
configure:12102: checking for poll
configure:12102: gcc -o conftest -g -O2 -Wall -Wextra -Wno-long-long -pedantic   conftest.c -lz  -lpthread >&5
configure:12102: $? = 0
configure:12102: result: yes
configure:12102: checking for gethostbyname2
configure:12102: gcc -o conftest -g -O2 -Wall -Wextra -Wno-long-long -pedantic   conftest.c -lz  -lpthread >&5
configure:12102: $? = 0
configure:12102: result: yes
configure:12102: checking for endhostent
configure:12102: gcc -o conftest -g -O2 -Wall -Wextra -Wno-long-long -pedantic   conftest.c -lz  -lpthread >&5
configure:12102: $? = 0
configure:12102: result: yes
configure:12102: checking for getnameinfo
configure:12102: gcc -o conftest -g -O2 -Wall -Wextra -Wno-long-long -pedantic   conftest.c -lz  -lpthread >&5
configure:12102: $? = 0
configure:12102: result: yes
configure:12111: checking for getaddrinfo
configure:12137: gcc -o conftest -g -O2 -Wall -Wextra -Wno-long-long -pedantic   conftest.c -lz  -lpthread >&5
configure:12137: $? = 0
configure:12138: result: yes
configure:12151: checking for broken poll() implementation
configure:12155: result: yes (poll() disabled)
configure:12170: checking for pipe2
configure:12170: gcc -o conftest -g -O2 -Wall -Wextra -Wno-long-long -pedantic   conftest.c -lz  -lpthread >&5
Undefined symbols for architecture x86_64:
  "_pipe2", referenced from:
      _main in ccrjmWBu.o
ld: symbol(s) not found for architecture x86_64
collect2: ld returned 1 exit status
configure:12170: $? = 1
configure: failed program was:
| /* confdefs.h */
| #define PACKAGE_NAME "stunnel"
| #define PACKAGE_TARNAME "stunnel"
| #define PACKAGE_VERSION "4.52"
| #define PACKAGE_STRING "stunnel 4.52"
| #define PACKAGE_BUGREPORT ""
| #define PACKAGE_URL ""
| #define PACKAGE "stunnel"
| #define VERSION "4.52"
| #define _GNU_SOURCE 1
| #define HOST "x86_64-apple-darwin11.2.0"
| #define CPU_X86_64 1
| #define VENDOR_APPLE 1
| #define OS_DARWIN11_2_0 1
| #define STDC_HEADERS 1
| #define HAVE_SYS_TYPES_H 1
| #define HAVE_SYS_STAT_H 1
| #define HAVE_STDLIB_H 1
| #define HAVE_STRING_H 1
| #define HAVE_MEMORY_H 1
| #define HAVE_STRINGS_H 1
| #define HAVE_INTTYPES_H 1
| #define HAVE_STDINT_H 1
| #define HAVE_UNISTD_H 1
| #define HAVE_DLFCN_H 1
| #define LT_OBJDIR ".libs/"
| #define SIZEOF_UNSIGNED_CHAR 1
| #define SIZEOF_UNSIGNED_SHORT 2
| #define SIZEOF_UNSIGNED_INT 4
| #define SIZEOF_UNSIGNED_LONG 8
| #define HAVE_STRUCT_SOCKADDR_UN 1
| #define HAVE_STRUCT_ADDRINFO 1
| #define HAVE_DEV_PTMX 1
| #define RANDOM_FILE "/dev/urandom"
| #define HAVE_PTHREAD_H 1
| #define HAVE_POLL_H 1
| #define HAVE_TCPD_H 1
| #define HAVE_GRP_H 1
| #define HAVE_UNISTD_H 1
| #define HAVE_UTIL_H 1
| #define HAVE_SYS_SELECT_H 1
| #define HAVE_SYS_POLL_H 1
| #define HAVE_SYS_SOCKET_H 1
| #define HAVE_SYS_UN_H 1
| #define HAVE_SYS_IOCTL_H 1
| #define HAVE_SYS_FILIO_H 1
| #define HAVE_SYS_RESOURCE_H 1
| #define HAVE_STRUCT_MSGHDR_MSG_CONTROL 1
| #define HAVE_MSGHDR_MSG_CONTROL 1
| #define HAVE_LIBPTHREAD 1
| #define HAVE_LIBPTHREAD 1
| #define USE_PTHREAD 1
| #define HAVE_SNPRINTF 1
| #define HAVE_VSNPRINTF 1
| #define HAVE_OPENPTY 1
| #define HAVE_DAEMON 1
| #define HAVE_WAITPID 1
| #define HAVE_WAIT4 1
| #define HAVE_SETSID 1
| #define HAVE_SETGROUPS 1
| #define HAVE_CHROOT 1
| #define HAVE_SYSCONF 1
| #define HAVE_GETRLIMIT 1
| #define HAVE_PTHREAD_SIGMASK 1
| #define HAVE_LOCALTIME_R 1
| #define HAVE_GETCONTEXT 1
| #define HAVE_POLL 1
| #define HAVE_GETHOSTBYNAME2 1
| #define HAVE_ENDHOSTENT 1
| #define HAVE_GETNAMEINFO 1
| #define HAVE_GETADDRINFO 1
| #define BROKEN_POLL 1
| /* end confdefs.h.  */
| /* Define pipe2 to an innocuous variant, in case <limits.h> declares pipe2.
|    For example, HP-UX 11i <limits.h> declares gettimeofday.  */
| #define pipe2 innocuous_pipe2
| 
| /* System header to define __stub macros and hopefully few prototypes,
|     which can conflict with char pipe2 (); below.
|     Prefer <limits.h> to <assert.h> if __STDC__ is defined, since
|     <limits.h> exists even on freestanding compilers.  */
| 
| #ifdef __STDC__
| # include <limits.h>
| #else
| # include <assert.h>
| #endif
| 
| #undef pipe2
| 
| /* Override any GCC internal prototype to avoid an error.
|    Use char because int might match the return type of a GCC
|    builtin and then its argument prototype would still apply.  */
| #ifdef __cplusplus
| extern "C"
| #endif
| char pipe2 ();
| /* The GNU C library defines this for functions which it implements
|     to always fail with ENOSYS.  Some functions are actually named
|     something starting with __ and the normal name is an alias.  */
| #if defined __stub_pipe2 || defined __stub___pipe2
| choke me
| #endif
| 
| int
| main ()
| {
| return pipe2 ();
|   ;
|   return 0;
| }
configure:12170: result: no
configure:12170: checking for accept4
configure:12170: gcc -o conftest -g -O2 -Wall -Wextra -Wno-long-long -pedantic   conftest.c -lz  -lpthread >&5
Undefined symbols for architecture x86_64:
  "_accept4", referenced from:
      _main in cctOzBT6.o
ld: symbol(s) not found for architecture x86_64
collect2: ld returned 1 exit status
configure:12170: $? = 1
configure: failed program was:
| /* confdefs.h */
| #define PACKAGE_NAME "stunnel"
| #define PACKAGE_TARNAME "stunnel"
| #define PACKAGE_VERSION "4.52"
| #define PACKAGE_STRING "stunnel 4.52"
| #define PACKAGE_BUGREPORT ""
| #define PACKAGE_URL ""
| #define PACKAGE "stunnel"
| #define VERSION "4.52"
| #define _GNU_SOURCE 1
| #define HOST "x86_64-apple-darwin11.2.0"
| #define CPU_X86_64 1
| #define VENDOR_APPLE 1
| #define OS_DARWIN11_2_0 1
| #define STDC_HEADERS 1
| #define HAVE_SYS_TYPES_H 1
| #define HAVE_SYS_STAT_H 1
| #define HAVE_STDLIB_H 1
| #define HAVE_STRING_H 1
| #define HAVE_MEMORY_H 1
| #define HAVE_STRINGS_H 1
| #define HAVE_INTTYPES_H 1
| #define HAVE_STDINT_H 1
| #define HAVE_UNISTD_H 1
| #define HAVE_DLFCN_H 1
| #define LT_OBJDIR ".libs/"
| #define SIZEOF_UNSIGNED_CHAR 1
| #define SIZEOF_UNSIGNED_SHORT 2
| #define SIZEOF_UNSIGNED_INT 4
| #define SIZEOF_UNSIGNED_LONG 8
| #define HAVE_STRUCT_SOCKADDR_UN 1
| #define HAVE_STRUCT_ADDRINFO 1
| #define HAVE_DEV_PTMX 1
| #define RANDOM_FILE "/dev/urandom"
| #define HAVE_PTHREAD_H 1
| #define HAVE_POLL_H 1
| #define HAVE_TCPD_H 1
| #define HAVE_GRP_H 1
| #define HAVE_UNISTD_H 1
| #define HAVE_UTIL_H 1
| #define HAVE_SYS_SELECT_H 1
| #define HAVE_SYS_POLL_H 1
| #define HAVE_SYS_SOCKET_H 1
| #define HAVE_SYS_UN_H 1
| #define HAVE_SYS_IOCTL_H 1
| #define HAVE_SYS_FILIO_H 1
| #define HAVE_SYS_RESOURCE_H 1
| #define HAVE_STRUCT_MSGHDR_MSG_CONTROL 1
| #define HAVE_MSGHDR_MSG_CONTROL 1
| #define HAVE_LIBPTHREAD 1
| #define HAVE_LIBPTHREAD 1
| #define USE_PTHREAD 1
| #define HAVE_SNPRINTF 1
| #define HAVE_VSNPRINTF 1
| #define HAVE_OPENPTY 1
| #define HAVE_DAEMON 1
| #define HAVE_WAITPID 1
| #define HAVE_WAIT4 1
| #define HAVE_SETSID 1
| #define HAVE_SETGROUPS 1
| #define HAVE_CHROOT 1
| #define HAVE_SYSCONF 1
| #define HAVE_GETRLIMIT 1
| #define HAVE_PTHREAD_SIGMASK 1
| #define HAVE_LOCALTIME_R 1
| #define HAVE_GETCONTEXT 1
| #define HAVE_POLL 1
| #define HAVE_GETHOSTBYNAME2 1
| #define HAVE_ENDHOSTENT 1
| #define HAVE_GETNAMEINFO 1
| #define HAVE_GETADDRINFO 1
| #define BROKEN_POLL 1
| /* end confdefs.h.  */
| /* Define accept4 to an innocuous variant, in case <limits.h> declares accept4.
|    For example, HP-UX 11i <limits.h> declares gettimeofday.  */
| #define accept4 innocuous_accept4
| 
| /* System header to define __stub macros and hopefully few prototypes,
|     which can conflict with char accept4 (); below.
|     Prefer <limits.h> to <assert.h> if __STDC__ is defined, since
|     <limits.h> exists even on freestanding compilers.  */
| 
| #ifdef __STDC__
| # include <limits.h>
| #else
| # include <assert.h>
| #endif
| 
| #undef accept4
| 
| /* Override any GCC internal prototype to avoid an error.
|    Use char because int might match the return type of a GCC
|    builtin and then its argument prototype would still apply.  */
| #ifdef __cplusplus
| extern "C"
| #endif
| char accept4 ();
| /* The GNU C library defines this for functions which it implements
|     to always fail with ENOSYS.  Some functions are actually named
|     something starting with __ and the normal name is an alias.  */
| #if defined __stub_accept4 || defined __stub___accept4
| choke me
| #endif
| 
| int
| main ()
| {
| return accept4 ();
|   ;
|   return 0;
| }
configure:12170: result: no
configure:12180: **************************************** optional features
configure:12183: checking whether to enable IPv6 support
configure:12205: result: yes
configure:12214: checking whether to disable TCP wrappers library support
configure:12238: result: autodetecting
configure:12240: checking for hosts_access in -lwrap
configure:12256: gcc -o conftest -g -O2 -Wall -Wextra -Wno-long-long -pedantic   conftest.c -lz  -lpthread -lwrap >&5
configure:12256: $? = 0
configure:12257: result: yes
configure:12274: checking whether to enable FIPS mode support
configure:12303: result: autodetecting
configure:12310: **************************************** SSL
configure:12321: checking for SSL directory
configure:12348: result: /usr/
configure:12361: checking /usr//include/openssl/engine.h usability
configure:12361: gcc -c -g -O2 -Wall -Wextra -Wno-long-long -pedantic  -I/usr//include conftest.c >&5
configure:12361: $? = 0
configure:12361: result: yes
configure:12361: checking /usr//include/openssl/engine.h presence
configure:12361: gcc -E  -I/usr//include conftest.c
configure:12361: $? = 0
configure:12361: result: yes
configure:12361: checking for /usr//include/openssl/engine.h
configure:12361: result: yes
configure:12374: checking /usr//include/openssl/ocsp.h usability
configure:12374: gcc -c -g -O2 -Wall -Wextra -Wno-long-long -pedantic  -I/usr//include conftest.c >&5
configure:12374: $? = 0
configure:12374: result: yes
configure:12374: checking /usr//include/openssl/ocsp.h presence
configure:12374: gcc -E  -I/usr//include conftest.c
configure:12374: $? = 0
configure:12374: result: yes
configure:12374: checking for /usr//include/openssl/ocsp.h
configure:12374: result: yes
configure:12386: checking for FIPS_mode_set
configure:12400: gcc -o conftest -g -O2 -Wall -Wextra -Wno-long-long -pedantic  -I/usr//include  conftest.c -lz  -lpthread -lwrap -L/usr//lib64 -L/usr//lib -lssl -lcrypto >&5
conftest.c:79:26: error: openssl/fips.h: No such file or directory
conftest.c: In function 'main':
conftest.c:83: warning: implicit declaration of function 'FIPS_mode_set'
configure:12400: $? = 1
configure: failed program was:
| /* confdefs.h */
| #define PACKAGE_NAME "stunnel"
| #define PACKAGE_TARNAME "stunnel"
| #define PACKAGE_VERSION "4.52"
| #define PACKAGE_STRING "stunnel 4.52"
| #define PACKAGE_BUGREPORT ""
| #define PACKAGE_URL ""
| #define PACKAGE "stunnel"
| #define VERSION "4.52"
| #define _GNU_SOURCE 1
| #define HOST "x86_64-apple-darwin11.2.0"
| #define CPU_X86_64 1
| #define VENDOR_APPLE 1
| #define OS_DARWIN11_2_0 1
| #define STDC_HEADERS 1
| #define HAVE_SYS_TYPES_H 1
| #define HAVE_SYS_STAT_H 1
| #define HAVE_STDLIB_H 1
| #define HAVE_STRING_H 1
| #define HAVE_MEMORY_H 1
| #define HAVE_STRINGS_H 1
| #define HAVE_INTTYPES_H 1
| #define HAVE_STDINT_H 1
| #define HAVE_UNISTD_H 1
| #define HAVE_DLFCN_H 1
| #define LT_OBJDIR ".libs/"
| #define SIZEOF_UNSIGNED_CHAR 1
| #define SIZEOF_UNSIGNED_SHORT 2
| #define SIZEOF_UNSIGNED_INT 4
| #define SIZEOF_UNSIGNED_LONG 8
| #define HAVE_STRUCT_SOCKADDR_UN 1
| #define HAVE_STRUCT_ADDRINFO 1
| #define HAVE_DEV_PTMX 1
| #define RANDOM_FILE "/dev/urandom"
| #define HAVE_PTHREAD_H 1
| #define HAVE_POLL_H 1
| #define HAVE_TCPD_H 1
| #define HAVE_GRP_H 1
| #define HAVE_UNISTD_H 1
| #define HAVE_UTIL_H 1
| #define HAVE_SYS_SELECT_H 1
| #define HAVE_SYS_POLL_H 1
| #define HAVE_SYS_SOCKET_H 1
| #define HAVE_SYS_UN_H 1
| #define HAVE_SYS_IOCTL_H 1
| #define HAVE_SYS_FILIO_H 1
| #define HAVE_SYS_RESOURCE_H 1
| #define HAVE_STRUCT_MSGHDR_MSG_CONTROL 1
| #define HAVE_MSGHDR_MSG_CONTROL 1
| #define HAVE_LIBPTHREAD 1
| #define HAVE_LIBPTHREAD 1
| #define USE_PTHREAD 1
| #define HAVE_SNPRINTF 1
| #define HAVE_VSNPRINTF 1
| #define HAVE_OPENPTY 1
| #define HAVE_DAEMON 1
| #define HAVE_WAITPID 1
| #define HAVE_WAIT4 1
| #define HAVE_SETSID 1
| #define HAVE_SETGROUPS 1
| #define HAVE_CHROOT 1
| #define HAVE_SYSCONF 1
| #define HAVE_GETRLIMIT 1
| #define HAVE_PTHREAD_SIGMASK 1
| #define HAVE_LOCALTIME_R 1
| #define HAVE_GETCONTEXT 1
| #define HAVE_POLL 1
| #define HAVE_GETHOSTBYNAME2 1
| #define HAVE_ENDHOSTENT 1
| #define HAVE_GETNAMEINFO 1
| #define HAVE_GETADDRINFO 1
| #define BROKEN_POLL 1
| #define USE_IPv6 1
| #define HAVE_LIBWRAP 1
| #define SSLDIR "/usr/"
| #define HAVE_OSSL_ENGINE_H 1
| #define HAVE_OSSL_OCSP_H 1
| /* end confdefs.h.  */
| #include <openssl/fips.h>
| int
| main ()
| {
| FIPS_mode_set(1);
|   ;
|   return 0;
| }
configure:12409: result: no
configure:12424: **************************************** write the results
configure:12547: creating ./config.status

## ---------------------- ##
## Running config.status. ##
## ---------------------- ##

This file was extended by stunnel config.status 4.52, which was
generated by GNU Autoconf 2.67.  Invocation command line was

  CONFIG_FILES    = 
  CONFIG_HEADERS  = 
  CONFIG_LINKS    = 
  CONFIG_COMMANDS = 
  $ ./config.status 

on bumblebee.cl.cam.ac.uk

config.status:1135: creating Makefile
config.status:1135: creating src/Makefile
config.status:1135: creating src/stunnel3
config.status:1135: creating doc/Makefile
config.status:1135: creating tools/Makefile
config.status:1135: creating tools/stunnel.conf-sample
config.status:1135: creating tools/stunnel.init
config.status:1135: creating tools/stunnel.service
config.status:1135: creating src/config.h
config.status:1363: executing depfiles commands
config.status:1363: executing libtool commands
configure:14772: **************************************** success

## ---------------- ##
## Cache variables. ##
## ---------------- ##

ac_cv_build=x86_64-apple-darwin11.2.0
ac_cv_c_compiler_gnu=yes
ac_cv_env_CC_set=
ac_cv_env_CC_value=
ac_cv_env_CFLAGS_set=
ac_cv_env_CFLAGS_value=
ac_cv_env_CPPFLAGS_set=
ac_cv_env_CPPFLAGS_value=
ac_cv_env_CPP_set=
ac_cv_env_CPP_value=
ac_cv_env_LDFLAGS_set=
ac_cv_env_LDFLAGS_value=
ac_cv_env_LIBS_set=
ac_cv_env_LIBS_value=
ac_cv_env_build_alias_set=
ac_cv_env_build_alias_value=
ac_cv_env_host_alias_set=
ac_cv_env_host_alias_value=
ac_cv_env_target_alias_set=
ac_cv_env_target_alias_value=
ac_cv_file__dev_ptc=no
ac_cv_file__dev_ptmx=yes
ac_cv_file__dev_urandom=yes
ac_cv_func___makecontext_v2=no
ac_cv_func__getpty=no
ac_cv_func_accept4=no
ac_cv_func_chroot=yes
ac_cv_func_daemon=yes
ac_cv_func_endhostent=yes
ac_cv_func_getcontext=yes
ac_cv_func_gethostbyname2=yes
ac_cv_func_getnameinfo=yes
ac_cv_func_getrlimit=yes
ac_cv_func_localtime_r=yes
ac_cv_func_openpty=yes
ac_cv_func_pipe2=no
ac_cv_func_poll=yes
ac_cv_func_pthread_sigmask=yes
ac_cv_func_setgroups=yes
ac_cv_func_setsid=yes
ac_cv_func_snprintf=yes
ac_cv_func_sysconf=yes
ac_cv_func_vsnprintf=yes
ac_cv_func_wait4=yes
ac_cv_func_waitpid=yes
ac_cv_header__usr__include_openssl_engine_h=yes
ac_cv_header__usr__include_openssl_ocsp_h=yes
ac_cv_header_dlfcn_h=yes
ac_cv_header_grp_h=yes
ac_cv_header_inttypes_h=yes
ac_cv_header_libutil_h=no
ac_cv_header_linux_netfilter_ipv4_h=no
ac_cv_header_memory_h=yes
ac_cv_header_poll_h=yes
ac_cv_header_pthread_h=yes
ac_cv_header_pty_h=no
ac_cv_header_stdc=yes
ac_cv_header_stdint_h=yes
ac_cv_header_stdlib_h=yes
ac_cv_header_string_h=yes
ac_cv_header_strings_h=yes
ac_cv_header_stropts_h=no
ac_cv_header_sys_filio_h=yes
ac_cv_header_sys_ioctl_h=yes
ac_cv_header_sys_poll_h=yes
ac_cv_header_sys_resource_h=yes
ac_cv_header_sys_select_h=yes
ac_cv_header_sys_socket_h=yes
ac_cv_header_sys_stat_h=yes
ac_cv_header_sys_types_h=yes
ac_cv_header_sys_un_h=yes
ac_cv_header_tcpd_h=yes
ac_cv_header_ucontext_h=no
ac_cv_header_unistd_h=yes
ac_cv_header_util_h=yes
ac_cv_host=x86_64-apple-darwin11.2.0
ac_cv_lib_c_pthread_create=yes
ac_cv_lib_c_r_pthread_create=no
ac_cv_member_struct_msghdr_msg_control=yes
ac_cv_objext=o
ac_cv_path_EGREP='/usr/bin/grep -E'
ac_cv_path_FGREP='/usr/bin/grep -F'
ac_cv_path_GREP=/usr/bin/grep
ac_cv_path_SED=/usr/bin/sed
ac_cv_path_install='/usr/bin/install -c'
ac_cv_prog_AWK=awk
ac_cv_prog_CPP='gcc -E'
ac_cv_prog_ac_ct_AR=ar
ac_cv_prog_ac_ct_CC=gcc
ac_cv_prog_ac_ct_DSYMUTIL=dsymutil
ac_cv_prog_ac_ct_LIPO=lipo
ac_cv_prog_ac_ct_NMEDIT=nmedit
ac_cv_prog_ac_ct_OTOOL=otool
ac_cv_prog_ac_ct_RANLIB=ranlib
ac_cv_prog_ac_ct_STRIP=strip
ac_cv_prog_cc_c89=
ac_cv_prog_cc_g=yes
ac_cv_prog_cc_gcc_c_o=yes
ac_cv_prog_make_make_set=yes
ac_cv_search_dlopen='none required'
ac_cv_search_gethostbyname='none required'
ac_cv_search_inflateEnd=-lz
ac_cv_search_openpty='none required'
ac_cv_search_shl_load=no
ac_cv_search_socket='none required'
ac_cv_search_yp_get_default_domain='none required'
ac_cv_sizeof_unsigned_char=1
ac_cv_sizeof_unsigned_int=4
ac_cv_sizeof_unsigned_long=8
ac_cv_sizeof_unsigned_short=2
ac_cv_type_struct_addrinfo=yes
ac_cv_type_struct_sockaddr_un=yes
am_cv_CC_dependencies_compiler_type=gcc3
lt_cv_apple_cc_single_mod=yes
lt_cv_deplibs_check_method=pass_all
lt_cv_file_magic_cmd='$MAGIC_CMD'
lt_cv_file_magic_test_file=
lt_cv_ld_exported_symbols_list=yes
lt_cv_ld_reload_flag=-r
lt_cv_nm_interface='BSD nm'
lt_cv_objdir=.libs
lt_cv_path_LD=/usr/llvm-gcc-4.2/libexec/gcc/i686-apple-darwin11/4.2.1/ld
lt_cv_path_NM=/usr/bin/nm
lt_cv_prog_compiler_c_o=yes
lt_cv_prog_compiler_pic_works=yes
lt_cv_prog_compiler_rtti_exceptions=no
lt_cv_prog_compiler_static_works=no
lt_cv_prog_gnu_ld=no
lt_cv_sys_global_symbol_pipe='sed -n -e '\''s/^.*[	 ]\([BCDEGRST][BCDEGRST]*\)[	 ][	 ]*_\([_A-Za-z][_A-Za-z0-9]*\)$/\1 _\2 \2/p'\'''
lt_cv_sys_global_symbol_to_c_name_address='sed -n -e '\''s/^: \([^ ]*\) $/  {\"\1\", (void *) 0},/p'\'' -e '\''s/^[BCDEGRST]* \([^ ]*\) \([^ ]*\)$/  {"\2", (void *) \&\2},/p'\'''
lt_cv_sys_global_symbol_to_c_name_address_lib_prefix='sed -n -e '\''s/^: \([^ ]*\) $/  {\"\1\", (void *) 0},/p'\'' -e '\''s/^[BCDEGRST]* \([^ ]*\) \(lib[^ ]*\)$/  {"\2", (void *) \&\2},/p'\'' -e '\''s/^[BCDEGRST]* \([^ ]*\) \([^ ]*\)$/  {"lib\2", (void *) \&\2},/p'\'''
lt_cv_sys_global_symbol_to_cdecl='sed -n -e '\''s/^T .* \(.*\)$/extern int \1();/p'\'' -e '\''s/^[BCDEGRST]* .* \(.*\)$/extern char \1;/p'\'''
lt_cv_sys_max_cmd_len=196608

## ----------------- ##
## Output variables. ##
## ----------------- ##

ACLOCAL='${SHELL} /Users/spe24/PhD/github/signpost/tactics/stunnel/stunnel-4.52/auto/missing --run aclocal-1.11'
AMDEPBACKSLASH='\'
AMDEP_FALSE='#'
AMDEP_TRUE=''
AMTAR='${SHELL} /Users/spe24/PhD/github/signpost/tactics/stunnel/stunnel-4.52/auto/missing --run tar'
AR='ar'
AUTOCONF='${SHELL} /Users/spe24/PhD/github/signpost/tactics/stunnel/stunnel-4.52/auto/missing --run autoconf'
AUTOHEADER='${SHELL} /Users/spe24/PhD/github/signpost/tactics/stunnel/stunnel-4.52/auto/missing --run autoheader'
AUTOMAKE='${SHELL} /Users/spe24/PhD/github/signpost/tactics/stunnel/stunnel-4.52/auto/missing --run automake-1.11'
AWK='awk'
CC='gcc'
CCDEPMODE='depmode=gcc3'
CFLAGS='-g -O2 -Wall -Wextra -Wno-long-long -pedantic'
CPP='gcc -E'
CPPFLAGS=''
CYGPATH_W='echo'
DEFAULT_GROUP='nogroup'
DEFS='-DHAVE_CONFIG_H'
DEPDIR='.deps'
DSYMUTIL='dsymutil'
DUMPBIN=''
ECHO_C='\c'
ECHO_N=''
ECHO_T=''
EGREP='/usr/bin/grep -E'
EXEEXT=''
FGREP='/usr/bin/grep -F'
GREP='/usr/bin/grep'
INSTALL_DATA='${INSTALL} -m 644'
INSTALL_PROGRAM='${INSTALL}'
INSTALL_SCRIPT='${INSTALL}'
INSTALL_STRIP_PROGRAM='$(install_sh) -c -s'
LD='/usr/llvm-gcc-4.2/libexec/gcc/i686-apple-darwin11/4.2.1/ld'
LDFLAGS=''
LIBOBJS=''
LIBS='-lz  -lpthread -lwrap'
LIBTOOL='$(SHELL) $(top_builddir)/libtool'
LIBTOOL_DEPS='auto/ltmain.sh'
LIPO='lipo'
LN_S='ln -s'
LTLIBOBJS=''
MAKEINFO='${SHELL} /Users/spe24/PhD/github/signpost/tactics/stunnel/stunnel-4.52/auto/missing --run makeinfo'
MKDIR_P='auto/install-sh -c -d'
NM='/usr/bin/nm'
NMEDIT='nmedit'
OBJDUMP='false'
OBJEXT='o'
OTOOL64=':'
OTOOL='otool'
PACKAGE='stunnel'
PACKAGE_BUGREPORT=''
PACKAGE_NAME='stunnel'
PACKAGE_STRING='stunnel 4.52'
PACKAGE_TARNAME='stunnel'
PACKAGE_URL=''
PACKAGE_VERSION='4.52'
PATH_SEPARATOR=':'
RANDOM_FILE='/dev/urandom'
RANLIB='ranlib'
SED='/usr/bin/sed'
SET_MAKE=''
SHELL='/bin/sh'
SSLDIR='/usr/'
STRIP='strip'
VERSION='4.52'
ac_ct_CC='gcc'
ac_ct_DUMPBIN=''
am__EXEEXT_FALSE=''
am__EXEEXT_TRUE='#'
am__fastdepCC_FALSE='#'
am__fastdepCC_TRUE=''
am__include='include'
am__isrc=''
am__leading_dot='.'
am__quote=''
am__tar='${AMTAR} chof - "$$tardir"'
am__untar='${AMTAR} xf -'
bindir='${exec_prefix}/bin'
build='x86_64-apple-darwin11.2.0'
build_alias=''
build_cpu='x86_64'
build_os='darwin11.2.0'
build_vendor='apple'
datadir='${datarootdir}'
datarootdir='${prefix}/share'
docdir='${datarootdir}/doc/${PACKAGE_TARNAME}'
dvidir='${docdir}'
exec_prefix='${prefix}'
host='x86_64-apple-darwin11.2.0'
host_alias=''
host_cpu='x86_64'
host_os='darwin11.2.0'
host_vendor='apple'
htmldir='${docdir}'
includedir='${prefix}/include'
infodir='${datarootdir}/info'
install_sh='${SHELL} /Users/spe24/PhD/github/signpost/tactics/stunnel/stunnel-4.52/auto/install-sh'
libdir='${exec_prefix}/lib'
libexecdir='${exec_prefix}/libexec'
localedir='${datarootdir}/locale'
localstatedir='${prefix}/var'
lt_ECHO='/bin/echo'
mandir='${datarootdir}/man'
mkdir_p='$(top_builddir)/auto/install-sh -c -d'
oldincludedir='/usr/include'
pdfdir='${docdir}'
prefix='/usr/local'
program_transform_name='s,x,x,'
psdir='${docdir}'
sbindir='${exec_prefix}/sbin'
sharedstatedir='${prefix}/com'
stunnel_CFLAGS=' -pthread -fstack-protector'
stunnel_LDFLAGS=''
stunnel_LDLAGS=' -pthread -fstack-protector'
sysconfdir='${prefix}/etc'
target_alias=''

## ----------- ##
## confdefs.h. ##
## ----------- ##

/* confdefs.h */
#define PACKAGE_NAME "stunnel"
#define PACKAGE_TARNAME "stunnel"
#define PACKAGE_VERSION "4.52"
#define PACKAGE_STRING "stunnel 4.52"
#define PACKAGE_BUGREPORT ""
#define PACKAGE_URL ""
#define PACKAGE "stunnel"
#define VERSION "4.52"
#define _GNU_SOURCE 1
#define HOST "x86_64-apple-darwin11.2.0"
#define CPU_X86_64 1
#define VENDOR_APPLE 1
#define OS_DARWIN11_2_0 1
#define STDC_HEADERS 1
#define HAVE_SYS_TYPES_H 1
#define HAVE_SYS_STAT_H 1
#define HAVE_STDLIB_H 1
#define HAVE_STRING_H 1
#define HAVE_MEMORY_H 1
#define HAVE_STRINGS_H 1
#define HAVE_INTTYPES_H 1
#define HAVE_STDINT_H 1
#define HAVE_UNISTD_H 1
#define HAVE_DLFCN_H 1
#define LT_OBJDIR ".libs/"
#define SIZEOF_UNSIGNED_CHAR 1
#define SIZEOF_UNSIGNED_SHORT 2
#define SIZEOF_UNSIGNED_INT 4
#define SIZEOF_UNSIGNED_LONG 8
#define HAVE_STRUCT_SOCKADDR_UN 1
#define HAVE_STRUCT_ADDRINFO 1
#define HAVE_DEV_PTMX 1
#define RANDOM_FILE "/dev/urandom"
#define HAVE_PTHREAD_H 1
#define HAVE_POLL_H 1
#define HAVE_TCPD_H 1
#define HAVE_GRP_H 1
#define HAVE_UNISTD_H 1
#define HAVE_UTIL_H 1
#define HAVE_SYS_SELECT_H 1
#define HAVE_SYS_POLL_H 1
#define HAVE_SYS_SOCKET_H 1
#define HAVE_SYS_UN_H 1
#define HAVE_SYS_IOCTL_H 1
#define HAVE_SYS_FILIO_H 1
#define HAVE_SYS_RESOURCE_H 1
#define HAVE_STRUCT_MSGHDR_MSG_CONTROL 1
#define HAVE_MSGHDR_MSG_CONTROL 1
#define HAVE_LIBPTHREAD 1
#define HAVE_LIBPTHREAD 1
#define USE_PTHREAD 1
#define HAVE_SNPRINTF 1
#define HAVE_VSNPRINTF 1
#define HAVE_OPENPTY 1
#define HAVE_DAEMON 1
#define HAVE_WAITPID 1
#define HAVE_WAIT4 1
#define HAVE_SETSID 1
#define HAVE_SETGROUPS 1
#define HAVE_CHROOT 1
#define HAVE_SYSCONF 1
#define HAVE_GETRLIMIT 1
#define HAVE_PTHREAD_SIGMASK 1
#define HAVE_LOCALTIME_R 1
#define HAVE_GETCONTEXT 1
#define HAVE_POLL 1
#define HAVE_GETHOSTBYNAME2 1
#define HAVE_ENDHOSTENT 1
#define HAVE_GETNAMEINFO 1
#define HAVE_GETADDRINFO 1
#define BROKEN_POLL 1
#define USE_IPv6 1
#define HAVE_LIBWRAP 1
#define SSLDIR "/usr/"
#define HAVE_OSSL_ENGINE_H 1
#define HAVE_OSSL_OCSP_H 1

configure: exit 0
